Using pre-set license
Built from '2020.3/staging' branch; Version is '2020.3.17f1 (a4537701e4ab) revision 10769271'; Using compiler version '192528614'; Build Type 'Release'
OS: 'Windows 10 Home; OS build 19042.1348; Version 2009; 64bit' Language: 'sv' Physical Memory: 16302 MB
BatchMode: 1, IsHumanControllingUs: 0, StartBugReporterOnCrash: 0, Is64bit: 1, IsPro: 0

COMMAND LINE ARGUMENTS:
C:\Program Files\Unity\Hub\Editor\2020.3.17f1\Editor\Unity.exe
-adb2
-batchMode
-noUpm
-name
AssetImportWorker0
-projectPath
D:/Untiy/Gymnasiearbete_current_version
-logFile
Logs/AssetImportWorker0.log
-srvPort
50348
Successfully changed project path to: D:/Untiy/Gymnasiearbete_current_version
D:/Untiy/Gymnasiearbete_current_version
Using Asset Import Pipeline V2.
Refreshing native plugins compatible for Editor in 68.13 ms, found 2 plugins.
Preloading 0 native plugins for Editor in 0.00 ms.
Initialize engine version: 2020.3.17f1 (a4537701e4ab)
[Subsystems] Discovering subsystems at path C:/Program Files/Unity/Hub/Editor/2020.3.17f1/Editor/Data/Resources/UnitySubsystems
[Subsystems] Discovering subsystems at path D:/Untiy/Gymnasiearbete_current_version/Assets
GfxDevice: creating device client; threaded=0
Direct3D:
    Version:  Direct3D 11.0 [level 11.1]
    Renderer: NVIDIA GeForce GTX 1060 6GB (ID=0x1c03)
    Vendor:   
    VRAM:     6052 MB
    Driver:   30.0.14.7212
Initialize mono
Mono path[0] = 'C:/Program Files/Unity/Hub/Editor/2020.3.17f1/Editor/Data/Managed'
Mono path[1] = 'C:/Program Files/Unity/Hub/Editor/2020.3.17f1/Editor/Data/MonoBleedingEdge/lib/mono/unityjit'
Mono config path = 'C:/Program Files/Unity/Hub/Editor/2020.3.17f1/Editor/Data/MonoBleedingEdge/etc'
Using monoOptions --debugger-agent=transport=dt_socket,embedding=1,server=y,suspend=n,address=127.0.0.1:56028
Begin MonoManager ReloadAssembly
Registering precompiled unity dll's ...
Register platform support module: C:/Program Files/Unity/Hub/Editor/2020.3.17f1/Editor/Data/PlaybackEngines/WebGLSupport/UnityEditor.WebGL.Extensions.dll
Register platform support module: C:/Program Files/Unity/Hub/Editor/2020.3.17f1/Editor/Data/PlaybackEngines/WindowsStandaloneSupport/UnityEditor.WindowsStandalone.Extensions.dll
Registered in 0.001658 seconds.
Native extension for WindowsStandalone target not found
Native extension for WebGL target not found
Refreshing native plugins compatible for Editor in 67.84 ms, found 2 plugins.
Preloading 0 native plugins for Editor in 0.00 ms.
Mono: successfully reloaded assembly
- Completed reload, in  0.861 seconds
Domain Reload Profiling:
	ReloadAssembly (861ms)
		BeginReloadAssembly (39ms)
			ExecutionOrderSort (0ms)
			DisableScriptedObjects (0ms)
			BackupInstance (0ms)
			ReleaseScriptingObjects (0ms)
			CreateAndSetChildDomain (1ms)
		EndReloadAssembly (352ms)
			LoadAssemblies (38ms)
			RebuildTransferFunctionScriptingTraits (0ms)
			SetupTypeCache (112ms)
			ReleaseScriptCaches (0ms)
			RebuildScriptCaches (23ms)
			SetupLoadedEditorAssemblies (164ms)
				LogAssemblyErrors (0ms)
				InitializePlatformSupportModulesInManaged (4ms)
				SetLoadedEditorAssemblies (0ms)
				RefreshPlugins (68ms)
				BeforeProcessingInitializeOnLoad (12ms)
				ProcessInitializeOnLoadAttributes (59ms)
				ProcessInitializeOnLoadMethodAttributes (21ms)
				AfterProcessingInitializeOnLoad (0ms)
				EditorAssembliesLoaded (0ms)
			ExecutionOrderSort2 (0ms)
			AwakeInstancesAfterBackupRestoration (0ms)
Platform modules already initialized, skipping
Registering precompiled user dll's ...
Registered in 0.002215 seconds.
Begin MonoManager ReloadAssembly
Native extension for WindowsStandalone target not found
Native extension for WebGL target not found
Refreshing native plugins compatible for Editor in 71.24 ms, found 2 plugins.
Preloading 0 native plugins for Editor in 0.00 ms.
Mono: successfully reloaded assembly
- Completed reload, in  1.191 seconds
Domain Reload Profiling:
	ReloadAssembly (1192ms)
		BeginReloadAssembly (107ms)
			ExecutionOrderSort (0ms)
			DisableScriptedObjects (3ms)
			BackupInstance (0ms)
			ReleaseScriptingObjects (0ms)
			CreateAndSetChildDomain (14ms)
		EndReloadAssembly (1038ms)
			LoadAssemblies (67ms)
			RebuildTransferFunctionScriptingTraits (0ms)
			SetupTypeCache (280ms)
			ReleaseScriptCaches (1ms)
			RebuildScriptCaches (61ms)
			SetupLoadedEditorAssemblies (536ms)
				LogAssemblyErrors (0ms)
				InitializePlatformSupportModulesInManaged (4ms)
				SetLoadedEditorAssemblies (0ms)
				RefreshPlugins (71ms)
				BeforeProcessingInitializeOnLoad (77ms)
				ProcessInitializeOnLoadAttributes (279ms)
				ProcessInitializeOnLoadMethodAttributes (100ms)
				AfterProcessingInitializeOnLoad (5ms)
				EditorAssembliesLoaded (0ms)
			ExecutionOrderSort2 (0ms)
			AwakeInstancesAfterBackupRestoration (5ms)
Platform modules already initialized, skipping
========================================================================
Worker process is ready to serve import requests
Launched and connected shader compiler UnityShaderCompiler.exe after 0.05 seconds
Refreshing native plugins compatible for Editor in 0.59 ms, found 2 plugins.
Preloading 0 native plugins for Editor in 0.00 ms.
Unloading 4012 Unused Serialized files (Serialized files now loaded: 0)
System memory in use before: 197.9 MB.
System memory in use after: 198.2 MB.

Unloading 21 unused Assets to reduce memory usage. Loaded Objects now: 4462.
Total: 2.903900 ms (FindLiveObjects: 0.271900 ms CreateObjectMapping: 0.175600 ms MarkObjects: 2.407000 ms  DeleteObjects: 0.048700 ms)

AssetImportParameters requested are different than current active one (requested -> active):
  custom:framework-win-MediaFoundation: 216162199b28c13a410421893ffa2e32 -> 
  custom:video-decoder-ogg-theora: a1e56fd34408186e4bbccfd4996cb3dc -> 
  custom:container-muxer-webm: aa71ff27fc2769a1b78a27578f13a17b -> 
  custom:container-demuxer-webm: 4f35f7cbe854078d1ac9338744f61a02 -> 
  custom:container-demuxer-ogg: 62fdf1f143b41e24485cea50d1cbac27 -> 
  custom:video-encoder-webm-vp8: eb34c28f22e8b96e1ab97ce403110664 -> 
  custom:video-decoder-webm-vp8: 9c59270c3fd7afecdb556c50c9e8de78 -> 
  custom:audio-decoder-ogg-vorbis: bf7c407c2cedff20999df2af8eb42d56 -> 
  custom:audio-encoder-webm-vorbis: bf7c407c2cedff20999df2af8eb42d56 -> 
========================================================================
Received Import Request.
  path: Assets/Soldiers/Linser.controller
  artifactKey: Guid(00d077ca866651b4ebb3023a04f22302) Importer(815301076,1909f56bfc062723c751e8b465ee728b)
Start importing Assets/Soldiers/Linser.controller using Guid(00d077ca866651b4ebb3023a04f22302) Importer(815301076,1909f56bfc062723c751e8b465ee728b)  -> (artifact id: '551be9b5ed44a959661ebf76d1e2f56c') in 0.018674 seconds 
  Import took 0.036775 seconds .

========================================================================
Received Import Request.
  Time since last request: 62.115753 seconds.
  path: Assets/Soldiers/Animations
  artifactKey: Guid(f9ae495363b05b04d8d5befcad79bdd0) Importer(815301076,1909f56bfc062723c751e8b465ee728b)
Start importing Assets/Soldiers/Animations using Guid(f9ae495363b05b04d8d5befcad79bdd0) Importer(815301076,1909f56bfc062723c751e8b465ee728b)  -> (artifact id: '694e3d08f774643bdbd6d2c81d2db95d') in 0.015355 seconds 
  Import took 0.036123 seconds .

========================================================================
Received Import Request.
  Time since last request: 3.583165 seconds.
  path: Assets/Soldiers/Animations/Breathing Idle.fbx
  artifactKey: Guid(50b2ef41668e45447833bc1615094785) Importer(815301076,1909f56bfc062723c751e8b465ee728b)
Start importing Assets/Soldiers/Animations/Breathing Idle.fbx using Guid(50b2ef41668e45447833bc1615094785) Importer(815301076,1909f56bfc062723c751e8b465ee728b)  -> (artifact id: '34467ce561dd84b6799af3a4488f217e') in 0.021989 seconds 
  Import took 0.081764 seconds .

========================================================================
Received Import Request.
  Time since last request: 17.622982 seconds.
  path: Assets/Soldiers/Animations/Breathing Idle.prefab
  artifactKey: Guid(9086d1ef938d2d24aa8e4d868da00f4b) Importer(815301076,1909f56bfc062723c751e8b465ee728b)
Start importing Assets/Soldiers/Animations/Breathing Idle.prefab using Guid(9086d1ef938d2d24aa8e4d868da00f4b) Importer(815301076,1909f56bfc062723c751e8b465ee728b)  -> (artifact id: '634d1877aafff3f5a7a7c1bf6c0c42d7') in 0.005816 seconds 
  Import took 0.027361 seconds .

========================================================================
Received Prepare
Registering precompiled user dll's ...
Registered in 0.002296 seconds.
Begin MonoManager ReloadAssembly
Native extension for WindowsStandalone target not found
Native extension for WebGL target not found
Refreshing native plugins compatible for Editor in 0.60 ms, found 2 plugins.
Preloading 0 native plugins for Editor in 0.00 ms.
Mono: successfully reloaded assembly
- Completed reload, in  1.028 seconds
Domain Reload Profiling:
	ReloadAssembly (1028ms)
		BeginReloadAssembly (88ms)
			ExecutionOrderSort (0ms)
			DisableScriptedObjects (4ms)
			BackupInstance (0ms)
			ReleaseScriptingObjects (0ms)
			CreateAndSetChildDomain (29ms)
		EndReloadAssembly (894ms)
			LoadAssemblies (66ms)
			RebuildTransferFunctionScriptingTraits (0ms)
			SetupTypeCache (272ms)
			ReleaseScriptCaches (1ms)
			RebuildScriptCaches (51ms)
			SetupLoadedEditorAssemblies (374ms)
				LogAssemblyErrors (0ms)
				InitializePlatformSupportModulesInManaged (4ms)
				SetLoadedEditorAssemblies (0ms)
				RefreshPlugins (1ms)
				BeforeProcessingInitializeOnLoad (77ms)
				ProcessInitializeOnLoadAttributes (282ms)
				ProcessInitializeOnLoadMethodAttributes (6ms)
				AfterProcessingInitializeOnLoad (5ms)
				EditorAssembliesLoaded (0ms)
			ExecutionOrderSort2 (0ms)
			AwakeInstancesAfterBackupRestoration (13ms)
Platform modules already initialized, skipping
Refreshing native plugins compatible for Editor in 0.61 ms, found 2 plugins.
Preloading 0 native plugins for Editor in 0.00 ms.
Unloading 3722 Unused Serialized files (Serialized files now loaded: 0)
System memory in use before: 181.8 MB.
System memory in use after: 182.0 MB.

Unloading 14 unused Assets to reduce memory usage. Loaded Objects now: 4464.
Total: 3.160900 ms (FindLiveObjects: 0.300900 ms CreateObjectMapping: 0.154100 ms MarkObjects: 2.690900 ms  DeleteObjects: 0.013900 ms)

AssetImportParameters requested are different than current active one (requested -> active):
  custom:framework-win-MediaFoundation: 216162199b28c13a410421893ffa2e32 -> 
  custom:video-decoder-ogg-theora: a1e56fd34408186e4bbccfd4996cb3dc -> 
  custom:container-muxer-webm: aa71ff27fc2769a1b78a27578f13a17b -> 
  custom:container-demuxer-webm: 4f35f7cbe854078d1ac9338744f61a02 -> 
  custom:container-demuxer-ogg: 62fdf1f143b41e24485cea50d1cbac27 -> 
  custom:video-encoder-webm-vp8: eb34c28f22e8b96e1ab97ce403110664 -> 
  custom:video-decoder-webm-vp8: 9c59270c3fd7afecdb556c50c9e8de78 -> 
  custom:audio-decoder-ogg-vorbis: bf7c407c2cedff20999df2af8eb42d56 -> 
  custom:audio-encoder-webm-vorbis: bf7c407c2cedff20999df2af8eb42d56 -> 
========================================================================
Received Import Request.
  Time since last request: 47.857485 seconds.
  path: Assets/Soldiers/Animations/Breathing Idle.fbx
  artifactKey: Guid(50b2ef41668e45447833bc1615094785) Importer(815301076,1909f56bfc062723c751e8b465ee728b)
Start importing Assets/Soldiers/Animations/Breathing Idle.fbx using Guid(50b2ef41668e45447833bc1615094785) Importer(815301076,1909f56bfc062723c751e8b465ee728b)  -> (artifact id: 'fa49d1774294e9b32b5341283182be2a') in 1.489715 seconds 
  Import took 2.264272 seconds .

========================================================================
Received Prepare
Registering precompiled user dll's ...
Registered in 0.002369 seconds.
Begin MonoManager ReloadAssembly
Native extension for WindowsStandalone target not found
Native extension for WebGL target not found
Refreshing native plugins compatible for Editor in 0.72 ms, found 2 plugins.
Preloading 0 native plugins for Editor in 0.00 ms.
Mono: successfully reloaded assembly
- Completed reload, in  1.151 seconds
Domain Reload Profiling:
	ReloadAssembly (1152ms)
		BeginReloadAssembly (88ms)
			ExecutionOrderSort (0ms)
			DisableScriptedObjects (4ms)
			BackupInstance (0ms)
			ReleaseScriptingObjects (0ms)
			CreateAndSetChildDomain (31ms)
		EndReloadAssembly (1016ms)
			LoadAssemblies (68ms)
			RebuildTransferFunctionScriptingTraits (0ms)
			SetupTypeCache (319ms)
			ReleaseScriptCaches (1ms)
			RebuildScriptCaches (57ms)
			SetupLoadedEditorAssemblies (409ms)
				LogAssemblyErrors (0ms)
				InitializePlatformSupportModulesInManaged (5ms)
				SetLoadedEditorAssemblies (0ms)
				RefreshPlugins (1ms)
				BeforeProcessingInitializeOnLoad (78ms)
				ProcessInitializeOnLoadAttributes (314ms)
				ProcessInitializeOnLoadMethodAttributes (6ms)
				AfterProcessingInitializeOnLoad (5ms)
				EditorAssembliesLoaded (0ms)
			ExecutionOrderSort2 (0ms)
			AwakeInstancesAfterBackupRestoration (14ms)
Platform modules already initialized, skipping
Refreshing native plugins compatible for Editor in 0.68 ms, found 2 plugins.
Preloading 0 native plugins for Editor in 0.00 ms.
Unloading 3722 Unused Serialized files (Serialized files now loaded: 0)
System memory in use before: 181.9 MB.
System memory in use after: 182.1 MB.

Unloading 14 unused Assets to reduce memory usage. Loaded Objects now: 4466.
Total: 4.201500 ms (FindLiveObjects: 0.411000 ms CreateObjectMapping: 0.266100 ms MarkObjects: 3.499300 ms  DeleteObjects: 0.022800 ms)

AssetImportParameters requested are different than current active one (requested -> active):
  custom:framework-win-MediaFoundation: 216162199b28c13a410421893ffa2e32 -> 
  custom:video-decoder-ogg-theora: a1e56fd34408186e4bbccfd4996cb3dc -> 
  custom:container-muxer-webm: aa71ff27fc2769a1b78a27578f13a17b -> 
  custom:container-demuxer-webm: 4f35f7cbe854078d1ac9338744f61a02 -> 
  custom:container-demuxer-ogg: 62fdf1f143b41e24485cea50d1cbac27 -> 
  custom:video-encoder-webm-vp8: eb34c28f22e8b96e1ab97ce403110664 -> 
  custom:video-decoder-webm-vp8: 9c59270c3fd7afecdb556c50c9e8de78 -> 
  custom:audio-decoder-ogg-vorbis: bf7c407c2cedff20999df2af8eb42d56 -> 
  custom:audio-encoder-webm-vorbis: bf7c407c2cedff20999df2af8eb42d56 -> 
========================================================================
Received Prepare
Registering precompiled user dll's ...
Registered in 0.002290 seconds.
Begin MonoManager ReloadAssembly
Native extension for WindowsStandalone target not found
Native extension for WebGL target not found
Refreshing native plugins compatible for Editor in 0.63 ms, found 2 plugins.
Preloading 0 native plugins for Editor in 0.00 ms.
Mono: successfully reloaded assembly
- Completed reload, in  1.008 seconds
Domain Reload Profiling:
	ReloadAssembly (1008ms)
		BeginReloadAssembly (87ms)
			ExecutionOrderSort (0ms)
			DisableScriptedObjects (4ms)
			BackupInstance (0ms)
			ReleaseScriptingObjects (0ms)
			CreateAndSetChildDomain (29ms)
		EndReloadAssembly (875ms)
			LoadAssemblies (69ms)
			RebuildTransferFunctionScriptingTraits (0ms)
			SetupTypeCache (273ms)
			ReleaseScriptCaches (1ms)
			RebuildScriptCaches (52ms)
			SetupLoadedEditorAssemblies (353ms)
				LogAssemblyErrors (0ms)
				InitializePlatformSupportModulesInManaged (4ms)
				SetLoadedEditorAssemblies (0ms)
				RefreshPlugins (1ms)
				BeforeProcessingInitializeOnLoad (72ms)
				ProcessInitializeOnLoadAttributes (266ms)
				ProcessInitializeOnLoadMethodAttributes (6ms)
				AfterProcessingInitializeOnLoad (5ms)
				EditorAssembliesLoaded (0ms)
			ExecutionOrderSort2 (0ms)
			AwakeInstancesAfterBackupRestoration (13ms)
Platform modules already initialized, skipping
Refreshing native plugins compatible for Editor in 0.63 ms, found 2 plugins.
Preloading 0 native plugins for Editor in 0.00 ms.
Unloading 3722 Unused Serialized files (Serialized files now loaded: 0)
System memory in use before: 181.9 MB.
System memory in use after: 182.1 MB.

Unloading 14 unused Assets to reduce memory usage. Loaded Objects now: 4468.
Total: 2.985500 ms (FindLiveObjects: 0.276300 ms CreateObjectMapping: 0.166000 ms MarkObjects: 2.528600 ms  DeleteObjects: 0.013600 ms)

AssetImportParameters requested are different than current active one (requested -> active):
  custom:framework-win-MediaFoundation: 216162199b28c13a410421893ffa2e32 -> 
  custom:video-decoder-ogg-theora: a1e56fd34408186e4bbccfd4996cb3dc -> 
  custom:container-muxer-webm: aa71ff27fc2769a1b78a27578f13a17b -> 
  custom:container-demuxer-webm: 4f35f7cbe854078d1ac9338744f61a02 -> 
  custom:container-demuxer-ogg: 62fdf1f143b41e24485cea50d1cbac27 -> 
  custom:video-encoder-webm-vp8: eb34c28f22e8b96e1ab97ce403110664 -> 
  custom:video-decoder-webm-vp8: 9c59270c3fd7afecdb556c50c9e8de78 -> 
  custom:audio-decoder-ogg-vorbis: bf7c407c2cedff20999df2af8eb42d56 -> 
  custom:audio-encoder-webm-vorbis: bf7c407c2cedff20999df2af8eb42d56 -> 
========================================================================
Received Import Request.
  Time since last request: 453.802568 seconds.
  path: Assets/Soldiers/riggedLinser.fbx
  artifactKey: Guid(586286ecf4502204d8492ad60e51e1c1) Importer(815301076,1909f56bfc062723c751e8b465ee728b)
Start importing Assets/Soldiers/riggedLinser.fbx using Guid(586286ecf4502204d8492ad60e51e1c1) Importer(815301076,1909f56bfc062723c751e8b465ee728b) Launched and connected shader compiler UnityShaderCompiler.exe after 0.11 seconds
Launched and connected shader compiler UnityShaderCompiler.exe after 0.05 seconds
Launched and connected shader compiler UnityShaderCompiler.exe after 0.05 seconds
Launched and connected shader compiler UnityShaderCompiler.exe after 0.05 seconds
Launched and connected shader compiler UnityShaderCompiler.exe after 0.05 seconds
Launched and connected shader compiler UnityShaderCompiler.exe after 0.05 seconds
Launched and connected shader compiler UnityShaderCompiler.exe after 0.05 seconds
Launched and connected shader compiler UnityShaderCompiler.exe after 0.05 seconds
Launched and connected shader compiler UnityShaderCompiler.exe after 0.05 seconds
Launched and connected shader compiler UnityShaderCompiler.exe after 0.06 seconds
Launched and connected shader compiler UnityShaderCompiler.exe after 0.05 seconds
Launched and connected shader compiler UnityShaderCompiler.exe after 0.05 seconds
Launched and connected shader compiler UnityShaderCompiler.exe after 0.05 seconds
Launched and connected shader compiler UnityShaderCompiler.exe after 0.05 seconds
Launched and connected shader compiler UnityShaderCompiler.exe after 0.05 seconds
 -> (artifact id: '21787a592f7da83b0a232d2eafdfd66f') in 1.468202 seconds 
  Import took 1.496121 seconds .

========================================================================
Received Import Request.
  Time since last request: 127.126767 seconds.
  path: Assets/Soldiers/Animations/Action Idle To Standing Idle.fbx
  artifactKey: Guid(bb04e2427b308e64ea090695643fd2b7) Importer(815301076,1909f56bfc062723c751e8b465ee728b)
Start importing Assets/Soldiers/Animations/Action Idle To Standing Idle.fbx using Guid(bb04e2427b308e64ea090695643fd2b7) Importer(815301076,1909f56bfc062723c751e8b465ee728b)  -> (artifact id: 'f52b1d8dc7a64ad19846e871a54dc39a') in 0.049033 seconds 
  Import took 0.069165 seconds .

========================================================================
Received Import Request.
  Time since last request: 190.548285 seconds.
  path: Assets/Soldiers/Animations/Action Idle To Standing Idle.fbx
  artifactKey: Guid(bb04e2427b308e64ea090695643fd2b7) Importer(815301076,1909f56bfc062723c751e8b465ee728b)
Start importing Assets/Soldiers/Animations/Action Idle To Standing Idle.fbx using Guid(bb04e2427b308e64ea090695643fd2b7) Importer(815301076,1909f56bfc062723c751e8b465ee728b)  -> (artifact id: 'ad1494d0f9b133d879f0c7db66de1b02') in 0.007675 seconds 
  Import took 0.037256 seconds .

========================================================================
Received Import Request.
  Time since last request: 25.776074 seconds.
  path: Assets/Soldiers/Animations/Action Idle To Standing Idle.fbx
  artifactKey: Guid(bb04e2427b308e64ea090695643fd2b7) Importer(815301076,1909f56bfc062723c751e8b465ee728b)
Start importing Assets/Soldiers/Animations/Action Idle To Standing Idle.fbx using Guid(bb04e2427b308e64ea090695643fd2b7) Importer(815301076,1909f56bfc062723c751e8b465ee728b)  -> (artifact id: 'e23ae0cdeabb3bc49d263a245eb0b9ae') in 0.006486 seconds 
  Import took 0.038747 seconds .

========================================================================
Received Import Request.
  Time since last request: 6.477472 seconds.
  path: Assets/Soldiers/Animations/Breathing Idle.fbx
  artifactKey: Guid(50b2ef41668e45447833bc1615094785) Importer(815301076,1909f56bfc062723c751e8b465ee728b)
Start importing Assets/Soldiers/Animations/Breathing Idle.fbx using Guid(50b2ef41668e45447833bc1615094785) Importer(815301076,1909f56bfc062723c751e8b465ee728b)  -> (artifact id: 'd5e46e38d50598ca5ad3c8541ef4c438') in 0.007126 seconds 
  Import took 0.047125 seconds .

========================================================================
Received Import Request.
  Time since last request: 52.300952 seconds.
  path: Assets/Soldiers/Linser.controller
  artifactKey: Guid(00d077ca866651b4ebb3023a04f22302) Importer(815301076,1909f56bfc062723c751e8b465ee728b)
Start importing Assets/Soldiers/Linser.controller using Guid(00d077ca866651b4ebb3023a04f22302) Importer(815301076,1909f56bfc062723c751e8b465ee728b)  -> (artifact id: 'd471eabaec0ecda145ecb8a39ecc01d9') in 0.004784 seconds 
  Import took 0.029150 seconds .

========================================================================
Received Import Request.
  Time since last request: 31.764188 seconds.
  path: Assets/Soldiers/Animations/Action Idle To Standing Idle.fbx
  artifactKey: Guid(bb04e2427b308e64ea090695643fd2b7) Importer(815301076,1909f56bfc062723c751e8b465ee728b)
Start importing Assets/Soldiers/Animations/Action Idle To Standing Idle.fbx using Guid(bb04e2427b308e64ea090695643fd2b7) Importer(815301076,1909f56bfc062723c751e8b465ee728b)  -> (artifact id: '72ba471299482f8dbd8667fc4e622320') in 0.007339 seconds 
  Import took 0.040081 seconds .

========================================================================
Received Import Request.
  Time since last request: 2702.518550 seconds.
  path: Assets/Soldiers/rättRig.fbx
  artifactKey: Guid(721af62f12f088b4d8c017ee6f72e064) Importer(815301076,1909f56bfc062723c751e8b465ee728b)
Start importing Assets/Soldiers/rättRig.fbx using Guid(721af62f12f088b4d8c017ee6f72e064) Importer(815301076,1909f56bfc062723c751e8b465ee728b)  -> (artifact id: '2b87c33e293cd61c998872cf6b99f978') in 4.022610 seconds 
  Import took 4.209546 seconds .

========================================================================
Received Import Request.
  Time since last request: 16.432084 seconds.
  path: Assets/Soldiers/rättRig.fbx
  artifactKey: Guid(721af62f12f088b4d8c017ee6f72e064) Importer(815301076,1909f56bfc062723c751e8b465ee728b)
Start importing Assets/Soldiers/rättRig.fbx using Guid(721af62f12f088b4d8c017ee6f72e064) Importer(815301076,1909f56bfc062723c751e8b465ee728b)  -> (artifact id: '05de95a652d49dffc283f72e052274f6') in 1.283853 seconds 
  Import took 1.312724 seconds .

========================================================================
Received Import Request.
  Time since last request: 727.896870 seconds.
  path: Assets/Soldiers/nublevdeträtt.fbx
  artifactKey: Guid(69d1e65afce870144b770a37ac414b1d) Importer(815301076,1909f56bfc062723c751e8b465ee728b)
Start importing Assets/Soldiers/nublevdeträtt.fbx using Guid(69d1e65afce870144b770a37ac414b1d) Importer(815301076,1909f56bfc062723c751e8b465ee728b)  -> (artifact id: '23d9be90958d183f6e495f4b198fc43b') in 0.417616 seconds 
  Import took 0.467953 seconds .

========================================================================
Received Import Request.
  Time since last request: 16.319746 seconds.
  path: Assets/Soldiers/nublevdeträtt.fbx
  artifactKey: Guid(69d1e65afce870144b770a37ac414b1d) Importer(815301076,1909f56bfc062723c751e8b465ee728b)
Start importing Assets/Soldiers/nublevdeträtt.fbx using Guid(69d1e65afce870144b770a37ac414b1d) Importer(815301076,1909f56bfc062723c751e8b465ee728b)  -> (artifact id: '53c93a1aeb98983fddd87c323915cb81') in 0.263017 seconds 
  Import took 0.307965 seconds .

========================================================================
Received Import Request.
  Time since last request: 112.919424 seconds.
  path: Assets/Soldiers/nublevdeträtt.fbx
  artifactKey: Guid(69d1e65afce870144b770a37ac414b1d) Importer(815301076,1909f56bfc062723c751e8b465ee728b)
Start importing Assets/Soldiers/nublevdeträtt.fbx using Guid(69d1e65afce870144b770a37ac414b1d) Importer(815301076,1909f56bfc062723c751e8b465ee728b)  -> (artifact id: '983878d420b87124baddff5d85e7c5e4') in 0.386356 seconds 
  Import took 0.426945 seconds .

========================================================================
Received Import Request.
  Time since last request: 8.306180 seconds.
  path: Assets/Soldiers/nublevdeträtt.fbx
  artifactKey: Guid(69d1e65afce870144b770a37ac414b1d) Importer(815301076,1909f56bfc062723c751e8b465ee728b)
Start importing Assets/Soldiers/nublevdeträtt.fbx using Guid(69d1e65afce870144b770a37ac414b1d) Importer(815301076,1909f56bfc062723c751e8b465ee728b)  -> (artifact id: '746e71956ce8ba17ca56e2dd7310795f') in 0.254176 seconds 
  Import took 0.344062 seconds .

========================================================================
Received Import Request.
  Time since last request: 16.472565 seconds.
  path: Assets/Soldiers/New Animator Controller.controller
  artifactKey: Guid(ba7323802ba223e4db11b6c0929e9007) Importer(815301076,1909f56bfc062723c751e8b465ee728b)
Start importing Assets/Soldiers/New Animator Controller.controller using Guid(ba7323802ba223e4db11b6c0929e9007) Importer(815301076,1909f56bfc062723c751e8b465ee728b)  -> (artifact id: 'ea7e8b52fb9c55af1b79a0d84c80fd6d') in 0.021190 seconds 
  Import took 0.060142 seconds .

========================================================================
Received Import Request.
  Time since last request: 53.413242 seconds.
  path: Assets/Soldiers/Linser.controller
  artifactKey: Guid(ba7323802ba223e4db11b6c0929e9007) Importer(815301076,1909f56bfc062723c751e8b465ee728b)
Start importing Assets/Soldiers/Linser.controller using Guid(ba7323802ba223e4db11b6c0929e9007) Importer(815301076,1909f56bfc062723c751e8b465ee728b)  -> (artifact id: 'f2a52527a0dd675fe41c89aec83ac2aa') in 0.005243 seconds 
  Import took 0.041804 seconds .

========================================================================
Received Import Request.
  Time since last request: 16.800061 seconds.
  path: Assets/Soldiers/Animations/Action Idle To Standing Idle.fbx
  artifactKey: Guid(bb04e2427b308e64ea090695643fd2b7) Importer(815301076,1909f56bfc062723c751e8b465ee728b)
Start importing Assets/Soldiers/Animations/Action Idle To Standing Idle.fbx using Guid(bb04e2427b308e64ea090695643fd2b7) Importer(815301076,1909f56bfc062723c751e8b465ee728b)  -> (artifact id: 'a427e4abfe1286a39a6322aaf0a1072f') in 0.039738 seconds 
  Import took 0.067795 seconds .

========================================================================
Received Import Request.
  Time since last request: 10.935346 seconds.
  path: Assets/Soldiers/Animations/Action Idle To Standing Idle.fbx
  artifactKey: Guid(bb04e2427b308e64ea090695643fd2b7) Importer(815301076,1909f56bfc062723c751e8b465ee728b)
Start importing Assets/Soldiers/Animations/Action Idle To Standing Idle.fbx using Guid(bb04e2427b308e64ea090695643fd2b7) Importer(815301076,1909f56bfc062723c751e8b465ee728b)  -> (artifact id: '8165cbdb56ae01c56fb3d77790577cec') in 0.006978 seconds 
  Import took 0.035305 seconds .

========================================================================
Received Prepare
Registering precompiled user dll's ...
Registered in 0.186594 seconds.
Begin MonoManager ReloadAssembly
Native extension for WindowsStandalone target not found
Native extension for WebGL target not found
Refreshing native plugins compatible for Editor in 0.67 ms, found 2 plugins.
Preloading 0 native plugins for Editor in 0.00 ms.
Mono: successfully reloaded assembly
- Completed reload, in  2.108 seconds
Domain Reload Profiling:
	ReloadAssembly (2113ms)
		BeginReloadAssembly (407ms)
			ExecutionOrderSort (0ms)
			DisableScriptedObjects (135ms)
			BackupInstance (0ms)
			ReleaseScriptingObjects (0ms)
			CreateAndSetChildDomain (155ms)
		EndReloadAssembly (1652ms)
			LoadAssemblies (102ms)
			RebuildTransferFunctionScriptingTraits (0ms)
			SetupTypeCache (372ms)
			ReleaseScriptCaches (2ms)
			RebuildScriptCaches (53ms)
			SetupLoadedEditorAssemblies (378ms)
				LogAssemblyErrors (0ms)
				InitializePlatformSupportModulesInManaged (5ms)
				SetLoadedEditorAssemblies (0ms)
				RefreshPlugins (1ms)
				BeforeProcessingInitializeOnLoad (76ms)
				ProcessInitializeOnLoadAttributes (285ms)
				ProcessInitializeOnLoadMethodAttributes (6ms)
				AfterProcessingInitializeOnLoad (5ms)
				EditorAssembliesLoaded (0ms)
			ExecutionOrderSort2 (0ms)
			AwakeInstancesAfterBackupRestoration (8ms)
Platform modules already initialized, skipping
Refreshing native plugins compatible for Editor in 0.63 ms, found 2 plugins.
Preloading 0 native plugins for Editor in 0.00 ms.
Unloading 3735 Unused Serialized files (Serialized files now loaded: 0)
System memory in use before: 213.7 MB.
System memory in use after: 213.9 MB.

Unloading 14 unused Assets to reduce memory usage. Loaded Objects now: 4635.
Total: 3.586000 ms (FindLiveObjects: 0.422000 ms CreateObjectMapping: 0.207200 ms MarkObjects: 2.937400 ms  DeleteObjects: 0.018300 ms)

AssetImportParameters requested are different than current active one (requested -> active):
  custom:framework-win-MediaFoundation: 216162199b28c13a410421893ffa2e32 -> 
  custom:video-decoder-ogg-theora: a1e56fd34408186e4bbccfd4996cb3dc -> 
  custom:container-muxer-webm: aa71ff27fc2769a1b78a27578f13a17b -> 
  custom:container-demuxer-webm: 4f35f7cbe854078d1ac9338744f61a02 -> 
  custom:container-demuxer-ogg: 62fdf1f143b41e24485cea50d1cbac27 -> 
  custom:video-encoder-webm-vp8: eb34c28f22e8b96e1ab97ce403110664 -> 
  custom:video-decoder-webm-vp8: 9c59270c3fd7afecdb556c50c9e8de78 -> 
  custom:audio-decoder-ogg-vorbis: bf7c407c2cedff20999df2af8eb42d56 -> 
  custom:audio-encoder-webm-vorbis: bf7c407c2cedff20999df2af8eb42d56 -> 
========================================================================
Received Import Request.
  Time since last request: 191.595324 seconds.
  path: Assets/Soldiers/Animations/Action Idle To Standing Idle.fbx
  artifactKey: Guid(bb04e2427b308e64ea090695643fd2b7) Importer(815301076,1909f56bfc062723c751e8b465ee728b)
Start importing Assets/Soldiers/Animations/Action Idle To Standing Idle.fbx using Guid(bb04e2427b308e64ea090695643fd2b7) Importer(815301076,1909f56bfc062723c751e8b465ee728b)  -> (artifact id: '58ecfb1330e1050af3f44ffed726b772') in 0.031288 seconds 
  Import took 0.082697 seconds .

========================================================================
Received Prepare
Registering precompiled user dll's ...
Registered in 0.002245 seconds.
Begin MonoManager ReloadAssembly
Native extension for WindowsStandalone target not found
Native extension for WebGL target not found
Refreshing native plugins compatible for Editor in 0.64 ms, found 2 plugins.
Preloading 0 native plugins for Editor in 0.00 ms.
Mono: successfully reloaded assembly
- Completed reload, in  1.098 seconds
Domain Reload Profiling:
	ReloadAssembly (1098ms)
		BeginReloadAssembly (87ms)
			ExecutionOrderSort (0ms)
			DisableScriptedObjects (4ms)
			BackupInstance (0ms)
			ReleaseScriptingObjects (0ms)
			CreateAndSetChildDomain (30ms)
		EndReloadAssembly (965ms)
			LoadAssemblies (66ms)
			RebuildTransferFunctionScriptingTraits (0ms)
			SetupTypeCache (264ms)
			ReleaseScriptCaches (1ms)
			RebuildScriptCaches (53ms)
			SetupLoadedEditorAssemblies (405ms)
				LogAssemblyErrors (0ms)
				InitializePlatformSupportModulesInManaged (4ms)
				SetLoadedEditorAssemblies (0ms)
				RefreshPlugins (1ms)
				BeforeProcessingInitializeOnLoad (72ms)
				ProcessInitializeOnLoadAttributes (317ms)
				ProcessInitializeOnLoadMethodAttributes (6ms)
				AfterProcessingInitializeOnLoad (5ms)
				EditorAssembliesLoaded (0ms)
			ExecutionOrderSort2 (0ms)
			AwakeInstancesAfterBackupRestoration (15ms)
Platform modules already initialized, skipping
Refreshing native plugins compatible for Editor in 0.60 ms, found 2 plugins.
Preloading 0 native plugins for Editor in 0.00 ms.
Unloading 3722 Unused Serialized files (Serialized files now loaded: 0)
System memory in use before: 212.8 MB.
System memory in use after: 213.0 MB.

Unloading 14 unused Assets to reduce memory usage. Loaded Objects now: 4637.
Total: 2.997700 ms (FindLiveObjects: 0.280300 ms CreateObjectMapping: 0.168200 ms MarkObjects: 2.535900 ms  DeleteObjects: 0.012500 ms)

AssetImportParameters requested are different than current active one (requested -> active):
  custom:framework-win-MediaFoundation: 216162199b28c13a410421893ffa2e32 -> 
  custom:video-decoder-ogg-theora: a1e56fd34408186e4bbccfd4996cb3dc -> 
  custom:container-muxer-webm: aa71ff27fc2769a1b78a27578f13a17b -> 
  custom:container-demuxer-webm: 4f35f7cbe854078d1ac9338744f61a02 -> 
  custom:container-demuxer-ogg: 62fdf1f143b41e24485cea50d1cbac27 -> 
  custom:video-encoder-webm-vp8: eb34c28f22e8b96e1ab97ce403110664 -> 
  custom:video-decoder-webm-vp8: 9c59270c3fd7afecdb556c50c9e8de78 -> 
  custom:audio-decoder-ogg-vorbis: bf7c407c2cedff20999df2af8eb42d56 -> 
  custom:audio-encoder-webm-vorbis: bf7c407c2cedff20999df2af8eb42d56 -> 
========================================================================
Received Import Request.
  Time since last request: 18.469380 seconds.
  path: Assets/Soldiers/Animations/Breathing Idle.fbx
  artifactKey: Guid(50b2ef41668e45447833bc1615094785) Importer(815301076,1909f56bfc062723c751e8b465ee728b)
Start importing Assets/Soldiers/Animations/Breathing Idle.fbx using Guid(50b2ef41668e45447833bc1615094785) Importer(815301076,1909f56bfc062723c751e8b465ee728b)  -> (artifact id: '9d5e2321364a9da1607fef0dbad8822f') in 0.030815 seconds 
  Import took 0.042607 seconds .

========================================================================
Received Prepare
Registering precompiled user dll's ...
Registered in 0.002489 seconds.
Begin MonoManager ReloadAssembly
Native extension for WindowsStandalone target not found
Native extension for WebGL target not found
Refreshing native plugins compatible for Editor in 0.61 ms, found 2 plugins.
Preloading 0 native plugins for Editor in 0.00 ms.
Mono: successfully reloaded assembly
- Completed reload, in  1.318 seconds
Domain Reload Profiling:
	ReloadAssembly (1322ms)
		BeginReloadAssembly (236ms)
			ExecutionOrderSort (0ms)
			DisableScriptedObjects (15ms)
			BackupInstance (0ms)
			ReleaseScriptingObjects (0ms)
			CreateAndSetChildDomain (154ms)
		EndReloadAssembly (1034ms)
			LoadAssemblies (78ms)
			RebuildTransferFunctionScriptingTraits (0ms)
			SetupTypeCache (287ms)
			ReleaseScriptCaches (1ms)
			RebuildScriptCaches (51ms)
			SetupLoadedEditorAssemblies (441ms)
				LogAssemblyErrors (0ms)
				InitializePlatformSupportModulesInManaged (4ms)
				SetLoadedEditorAssemblies (0ms)
				RefreshPlugins (1ms)
				BeforeProcessingInitializeOnLoad (73ms)
				ProcessInitializeOnLoadAttributes (352ms)
				ProcessInitializeOnLoadMethodAttributes (6ms)
				AfterProcessingInitializeOnLoad (5ms)
				EditorAssembliesLoaded (0ms)
			ExecutionOrderSort2 (0ms)
			AwakeInstancesAfterBackupRestoration (15ms)
Platform modules already initialized, skipping
Refreshing native plugins compatible for Editor in 0.60 ms, found 2 plugins.
Preloading 0 native plugins for Editor in 0.00 ms.
Unloading 3722 Unused Serialized files (Serialized files now loaded: 0)
System memory in use before: 212.8 MB.
System memory in use after: 213.0 MB.

Unloading 14 unused Assets to reduce memory usage. Loaded Objects now: 4639.
Total: 3.434300 ms (FindLiveObjects: 0.323600 ms CreateObjectMapping: 0.176100 ms MarkObjects: 2.912500 ms  DeleteObjects: 0.021400 ms)

AssetImportParameters requested are different than current active one (requested -> active):
  custom:framework-win-MediaFoundation: 216162199b28c13a410421893ffa2e32 -> 
  custom:video-decoder-ogg-theora: a1e56fd34408186e4bbccfd4996cb3dc -> 
  custom:container-muxer-webm: aa71ff27fc2769a1b78a27578f13a17b -> 
  custom:container-demuxer-webm: 4f35f7cbe854078d1ac9338744f61a02 -> 
  custom:container-demuxer-ogg: 62fdf1f143b41e24485cea50d1cbac27 -> 
  custom:video-encoder-webm-vp8: eb34c28f22e8b96e1ab97ce403110664 -> 
  custom:video-decoder-webm-vp8: 9c59270c3fd7afecdb556c50c9e8de78 -> 
  custom:audio-decoder-ogg-vorbis: bf7c407c2cedff20999df2af8eb42d56 -> 
  custom:audio-encoder-webm-vorbis: bf7c407c2cedff20999df2af8eb42d56 -> 
========================================================================
Received Import Request.
  Time since last request: 9992.155566 seconds.
  path: Assets/Soldiers/Animations/Breathing Idle.fbx
  artifactKey: Guid(50b2ef41668e45447833bc1615094785) Importer(815301076,1909f56bfc062723c751e8b465ee728b)
Start importing Assets/Soldiers/Animations/Breathing Idle.fbx using Guid(50b2ef41668e45447833bc1615094785) Importer(815301076,1909f56bfc062723c751e8b465ee728b)  -> (artifact id: 'ac5cd982acc394d1b8786898f6ce2ca7') in 0.062460 seconds 
  Import took 1.004973 seconds .

========================================================================
Received Import Request.
  Time since last request: 41.135078 seconds.
  path: Assets/Soldiers/Animations/Breathing Idle.fbx
  artifactKey: Guid(50b2ef41668e45447833bc1615094785) Importer(815301076,1909f56bfc062723c751e8b465ee728b)
Start importing Assets/Soldiers/Animations/Breathing Idle.fbx using Guid(50b2ef41668e45447833bc1615094785) Importer(815301076,1909f56bfc062723c751e8b465ee728b)  -> (artifact id: '6c6ed70a2a7b2fd9b918ac6bcdd43635') in 0.008416 seconds 
  Import took 0.030856 seconds .

========================================================================
Received Import Request.
  Time since last request: 9.212525 seconds.
  path: Assets/Soldiers/Animations/Action Idle To Standing Idle.fbx
  artifactKey: Guid(bb04e2427b308e64ea090695643fd2b7) Importer(815301076,1909f56bfc062723c751e8b465ee728b)
Start importing Assets/Soldiers/Animations/Action Idle To Standing Idle.fbx using Guid(bb04e2427b308e64ea090695643fd2b7) Importer(815301076,1909f56bfc062723c751e8b465ee728b)  -> (artifact id: 'e15b97fd51c15becba84adcb395aab0a') in 0.011573 seconds 
  Import took 0.033731 seconds .

========================================================================
Received Prepare
Registering precompiled user dll's ...
Registered in 0.002223 seconds.
Begin MonoManager ReloadAssembly
Native extension for WindowsStandalone target not found
Native extension for WebGL target not found
Refreshing native plugins compatible for Editor in 0.63 ms, found 2 plugins.
Preloading 0 native plugins for Editor in 0.00 ms.
Mono: successfully reloaded assembly
- Completed reload, in  1.147 seconds
Domain Reload Profiling:
	ReloadAssembly (1147ms)
		BeginReloadAssembly (90ms)
			ExecutionOrderSort (0ms)
			DisableScriptedObjects (4ms)
			BackupInstance (0ms)
			ReleaseScriptingObjects (0ms)
			CreateAndSetChildDomain (34ms)
		EndReloadAssembly (1011ms)
			LoadAssemblies (67ms)
			RebuildTransferFunctionScriptingTraits (0ms)
			SetupTypeCache (264ms)
			ReleaseScriptCaches (1ms)
			RebuildScriptCaches (50ms)
			SetupLoadedEditorAssemblies (363ms)
				LogAssemblyErrors (0ms)
				InitializePlatformSupportModulesInManaged (4ms)
				SetLoadedEditorAssemblies (0ms)
				RefreshPlugins (1ms)
				BeforeProcessingInitializeOnLoad (75ms)
				ProcessInitializeOnLoadAttributes (272ms)
				ProcessInitializeOnLoadMethodAttributes (6ms)
				AfterProcessingInitializeOnLoad (5ms)
				EditorAssembliesLoaded (0ms)
			ExecutionOrderSort2 (0ms)
			AwakeInstancesAfterBackupRestoration (14ms)
Platform modules already initialized, skipping
Refreshing native plugins compatible for Editor in 0.60 ms, found 2 plugins.
Preloading 0 native plugins for Editor in 0.00 ms.
Unloading 3722 Unused Serialized files (Serialized files now loaded: 0)
System memory in use before: 212.8 MB.
System memory in use after: 213.1 MB.

Unloading 14 unused Assets to reduce memory usage. Loaded Objects now: 4641.
Total: 2.941000 ms (FindLiveObjects: 0.294300 ms CreateObjectMapping: 0.155000 ms MarkObjects: 2.477700 ms  DeleteObjects: 0.013300 ms)

AssetImportParameters requested are different than current active one (requested -> active):
  custom:framework-win-MediaFoundation: 216162199b28c13a410421893ffa2e32 -> 
  custom:video-decoder-ogg-theora: a1e56fd34408186e4bbccfd4996cb3dc -> 
  custom:container-muxer-webm: aa71ff27fc2769a1b78a27578f13a17b -> 
  custom:container-demuxer-webm: 4f35f7cbe854078d1ac9338744f61a02 -> 
  custom:container-demuxer-ogg: 62fdf1f143b41e24485cea50d1cbac27 -> 
  custom:video-encoder-webm-vp8: eb34c28f22e8b96e1ab97ce403110664 -> 
  custom:video-decoder-webm-vp8: 9c59270c3fd7afecdb556c50c9e8de78 -> 
  custom:audio-decoder-ogg-vorbis: bf7c407c2cedff20999df2af8eb42d56 -> 
  custom:audio-encoder-webm-vorbis: bf7c407c2cedff20999df2af8eb42d56 -> 
========================================================================
Received Import Request.
  Time since last request: 151.267308 seconds.
  path: Assets/Soldiers/Animations/Action Idle To Standing Idle.fbx
  artifactKey: Guid(bb04e2427b308e64ea090695643fd2b7) Importer(815301076,1909f56bfc062723c751e8b465ee728b)
Start importing Assets/Soldiers/Animations/Action Idle To Standing Idle.fbx using Guid(bb04e2427b308e64ea090695643fd2b7) Importer(815301076,1909f56bfc062723c751e8b465ee728b)  -> (artifact id: 'f13e63d79f245f91e059d2fbdf01b126') in 0.029366 seconds 
  Import took 0.043933 seconds .

========================================================================
Received Prepare
Registering precompiled user dll's ...
Registered in 0.002470 seconds.
Begin MonoManager ReloadAssembly
Native extension for WindowsStandalone target not found
Native extension for WebGL target not found
Refreshing native plugins compatible for Editor in 0.62 ms, found 2 plugins.
Preloading 0 native plugins for Editor in 0.00 ms.
Mono: successfully reloaded assembly
- Completed reload, in  1.073 seconds
Domain Reload Profiling:
	ReloadAssembly (1074ms)
		BeginReloadAssembly (86ms)
			ExecutionOrderSort (0ms)
			DisableScriptedObjects (4ms)
			BackupInstance (0ms)
			ReleaseScriptingObjects (0ms)
			CreateAndSetChildDomain (29ms)
		EndReloadAssembly (941ms)
			LoadAssemblies (66ms)
			RebuildTransferFunctionScriptingTraits (0ms)
			SetupTypeCache (267ms)
			ReleaseScriptCaches (1ms)
			RebuildScriptCaches (52ms)
			SetupLoadedEditorAssemblies (385ms)
				LogAssemblyErrors (0ms)
				InitializePlatformSupportModulesInManaged (4ms)
				SetLoadedEditorAssemblies (0ms)
				RefreshPlugins (1ms)
				BeforeProcessingInitializeOnLoad (71ms)
				ProcessInitializeOnLoadAttributes (299ms)
				ProcessInitializeOnLoadMethodAttributes (6ms)
				AfterProcessingInitializeOnLoad (5ms)
				EditorAssembliesLoaded (0ms)
			ExecutionOrderSort2 (0ms)
			AwakeInstancesAfterBackupRestoration (15ms)
Platform modules already initialized, skipping
Refreshing native plugins compatible for Editor in 0.70 ms, found 2 plugins.
Preloading 0 native plugins for Editor in 0.00 ms.
Unloading 3722 Unused Serialized files (Serialized files now loaded: 0)
System memory in use before: 212.8 MB.
System memory in use after: 213.1 MB.

Unloading 14 unused Assets to reduce memory usage. Loaded Objects now: 4643.
Total: 3.149800 ms (FindLiveObjects: 0.314900 ms CreateObjectMapping: 0.192200 ms MarkObjects: 2.628900 ms  DeleteObjects: 0.013100 ms)

AssetImportParameters requested are different than current active one (requested -> active):
  custom:framework-win-MediaFoundation: 216162199b28c13a410421893ffa2e32 -> 
  custom:video-decoder-ogg-theora: a1e56fd34408186e4bbccfd4996cb3dc -> 
  custom:container-muxer-webm: aa71ff27fc2769a1b78a27578f13a17b -> 
  custom:container-demuxer-webm: 4f35f7cbe854078d1ac9338744f61a02 -> 
  custom:container-demuxer-ogg: 62fdf1f143b41e24485cea50d1cbac27 -> 
  custom:video-encoder-webm-vp8: eb34c28f22e8b96e1ab97ce403110664 -> 
  custom:video-decoder-webm-vp8: 9c59270c3fd7afecdb556c50c9e8de78 -> 
  custom:audio-decoder-ogg-vorbis: bf7c407c2cedff20999df2af8eb42d56 -> 
  custom:audio-encoder-webm-vorbis: bf7c407c2cedff20999df2af8eb42d56 -> 
========================================================================
Received Import Request.
  Time since last request: 364.225424 seconds.
  path: Assets/Soldiers/riggedJoined.fbx
  artifactKey: Guid(189b144e3a0fd9c4f91391989a2e87bf) Importer(815301076,1909f56bfc062723c751e8b465ee728b)
Start importing Assets/Soldiers/riggedJoined.fbx using Guid(189b144e3a0fd9c4f91391989a2e87bf) Importer(815301076,1909f56bfc062723c751e8b465ee728b)  -> (artifact id: 'a431fa850ad65a89d3560c3f0e091350') in 3.810483 seconds 
  Import took 3.837870 seconds .

========================================================================
Received Import Request.
  Time since last request: 6.763630 seconds.
  path: Assets/Soldiers/riggedJoined.fbx
  artifactKey: Guid(189b144e3a0fd9c4f91391989a2e87bf) Importer(815301076,1909f56bfc062723c751e8b465ee728b)
Start importing Assets/Soldiers/riggedJoined.fbx using Guid(189b144e3a0fd9c4f91391989a2e87bf) Importer(815301076,1909f56bfc062723c751e8b465ee728b)  -> (artifact id: '910918c8c35738b102bf1d6f5cbd768e') in 0.148381 seconds 
  Import took 0.175157 seconds .

========================================================================
Received Import Request.
  Time since last request: 8.495824 seconds.
  path: Assets/Soldiers/riggedJoined.fbx
  artifactKey: Guid(189b144e3a0fd9c4f91391989a2e87bf) Importer(815301076,1909f56bfc062723c751e8b465ee728b)
Start importing Assets/Soldiers/riggedJoined.fbx using Guid(189b144e3a0fd9c4f91391989a2e87bf) Importer(815301076,1909f56bfc062723c751e8b465ee728b)  -> (artifact id: '2bdd93f5f8c6ad6ae44ae9cfd7f2b56c') in 0.138485 seconds 
  Import took 0.153541 seconds .

========================================================================
Received Prepare
Registering precompiled user dll's ...
Registered in 0.002345 seconds.
Begin MonoManager ReloadAssembly
Native extension for WindowsStandalone target not found
Native extension for WebGL target not found
Refreshing native plugins compatible for Editor in 0.60 ms, found 2 plugins.
Preloading 0 native plugins for Editor in 0.00 ms.
Mono: successfully reloaded assembly
- Completed reload, in  1.105 seconds
Domain Reload Profiling:
	ReloadAssembly (1106ms)
		BeginReloadAssembly (117ms)
			ExecutionOrderSort (0ms)
			DisableScriptedObjects (25ms)
			BackupInstance (0ms)
			ReleaseScriptingObjects (0ms)
			CreateAndSetChildDomain (37ms)
		EndReloadAssembly (942ms)
			LoadAssemblies (67ms)
			RebuildTransferFunctionScriptingTraits (0ms)
			SetupTypeCache (269ms)
			ReleaseScriptCaches (1ms)
			RebuildScriptCaches (52ms)
			SetupLoadedEditorAssemblies (376ms)
				LogAssemblyErrors (0ms)
				InitializePlatformSupportModulesInManaged (4ms)
				SetLoadedEditorAssemblies (0ms)
				RefreshPlugins (1ms)
				BeforeProcessingInitializeOnLoad (73ms)
				ProcessInitializeOnLoadAttributes (288ms)
				ProcessInitializeOnLoadMethodAttributes (6ms)
				AfterProcessingInitializeOnLoad (5ms)
				EditorAssembliesLoaded (0ms)
			ExecutionOrderSort2 (0ms)
			AwakeInstancesAfterBackupRestoration (16ms)
Platform modules already initialized, skipping
Refreshing native plugins compatible for Editor in 0.64 ms, found 2 plugins.
Preloading 0 native plugins for Editor in 0.00 ms.
Unloading 3722 Unused Serialized files (Serialized files now loaded: 0)
System memory in use before: 213.6 MB.
System memory in use after: 213.9 MB.

Unloading 14 unused Assets to reduce memory usage. Loaded Objects now: 4746.
Total: 3.178600 ms (FindLiveObjects: 0.332900 ms CreateObjectMapping: 0.174800 ms MarkObjects: 2.657200 ms  DeleteObjects: 0.012900 ms)

AssetImportParameters requested are different than current active one (requested -> active):
  custom:framework-win-MediaFoundation: 216162199b28c13a410421893ffa2e32 -> 
  custom:video-decoder-ogg-theora: a1e56fd34408186e4bbccfd4996cb3dc -> 
  custom:container-muxer-webm: aa71ff27fc2769a1b78a27578f13a17b -> 
  custom:container-demuxer-webm: 4f35f7cbe854078d1ac9338744f61a02 -> 
  custom:container-demuxer-ogg: 62fdf1f143b41e24485cea50d1cbac27 -> 
  custom:video-encoder-webm-vp8: eb34c28f22e8b96e1ab97ce403110664 -> 
  custom:video-decoder-webm-vp8: 9c59270c3fd7afecdb556c50c9e8de78 -> 
  custom:audio-decoder-ogg-vorbis: bf7c407c2cedff20999df2af8eb42d56 -> 
  custom:audio-encoder-webm-vorbis: bf7c407c2cedff20999df2af8eb42d56 -> 
========================================================================
Received Prepare
Registering precompiled user dll's ...
Registered in 0.002297 seconds.
Begin MonoManager ReloadAssembly
Native extension for WindowsStandalone target not found
Native extension for WebGL target not found
Refreshing native plugins compatible for Editor in 0.66 ms, found 2 plugins.
Preloading 0 native plugins for Editor in 0.00 ms.
Mono: successfully reloaded assembly
- Completed reload, in  1.039 seconds
Domain Reload Profiling:
	ReloadAssembly (1040ms)
		BeginReloadAssembly (89ms)
			ExecutionOrderSort (0ms)
			DisableScriptedObjects (4ms)
			BackupInstance (0ms)
			ReleaseScriptingObjects (0ms)
			CreateAndSetChildDomain (34ms)
		EndReloadAssembly (906ms)
			LoadAssemblies (62ms)
			RebuildTransferFunctionScriptingTraits (0ms)
			SetupTypeCache (261ms)
			ReleaseScriptCaches (1ms)
			RebuildScriptCaches (53ms)
			SetupLoadedEditorAssemblies (354ms)
				LogAssemblyErrors (0ms)
				InitializePlatformSupportModulesInManaged (4ms)
				SetLoadedEditorAssemblies (0ms)
				RefreshPlugins (1ms)
				BeforeProcessingInitializeOnLoad (71ms)
				ProcessInitializeOnLoadAttributes (267ms)
				ProcessInitializeOnLoadMethodAttributes (5ms)
				AfterProcessingInitializeOnLoad (5ms)
				EditorAssembliesLoaded (0ms)
			ExecutionOrderSort2 (0ms)
			AwakeInstancesAfterBackupRestoration (15ms)
Platform modules already initialized, skipping
Refreshing native plugins compatible for Editor in 0.60 ms, found 2 plugins.
Preloading 0 native plugins for Editor in 0.00 ms.
Unloading 3722 Unused Serialized files (Serialized files now loaded: 0)
System memory in use before: 213.4 MB.
System memory in use after: 213.7 MB.

Unloading 14 unused Assets to reduce memory usage. Loaded Objects now: 4748.
Total: 3.205500 ms (FindLiveObjects: 0.335600 ms CreateObjectMapping: 0.176800 ms MarkObjects: 2.679300 ms  DeleteObjects: 0.013000 ms)

AssetImportParameters requested are different than current active one (requested -> active):
  custom:framework-win-MediaFoundation: 216162199b28c13a410421893ffa2e32 -> 
  custom:video-decoder-ogg-theora: a1e56fd34408186e4bbccfd4996cb3dc -> 
  custom:container-muxer-webm: aa71ff27fc2769a1b78a27578f13a17b -> 
  custom:container-demuxer-webm: 4f35f7cbe854078d1ac9338744f61a02 -> 
  custom:container-demuxer-ogg: 62fdf1f143b41e24485cea50d1cbac27 -> 
  custom:video-encoder-webm-vp8: eb34c28f22e8b96e1ab97ce403110664 -> 
  custom:video-decoder-webm-vp8: 9c59270c3fd7afecdb556c50c9e8de78 -> 
  custom:audio-decoder-ogg-vorbis: bf7c407c2cedff20999df2af8eb42d56 -> 
  custom:audio-encoder-webm-vorbis: bf7c407c2cedff20999df2af8eb42d56 -> 
========================================================================
Received Import Request.
  Time since last request: 260.968897 seconds.
  path: Assets/Soldiers/Animations/Breathing Idle.fbx
  artifactKey: Guid(50b2ef41668e45447833bc1615094785) Importer(815301076,1909f56bfc062723c751e8b465ee728b)
Start importing Assets/Soldiers/Animations/Breathing Idle.fbx using Guid(50b2ef41668e45447833bc1615094785) Importer(815301076,1909f56bfc062723c751e8b465ee728b)  -> (artifact id: '349c95c2dee1bba86ece6f07c4512721') in 0.042109 seconds 
  Import took 0.065543 seconds .

========================================================================
Received Prepare
Registering precompiled user dll's ...
Registered in 0.002255 seconds.
Begin MonoManager ReloadAssembly
Native extension for WindowsStandalone target not found
Native extension for WebGL target not found
Refreshing native plugins compatible for Editor in 0.60 ms, found 2 plugins.
Preloading 0 native plugins for Editor in 0.00 ms.
Mono: successfully reloaded assembly
- Completed reload, in  1.121 seconds
Domain Reload Profiling:
	ReloadAssembly (1122ms)
		BeginReloadAssembly (102ms)
			ExecutionOrderSort (0ms)
			DisableScriptedObjects (4ms)
			BackupInstance (0ms)
			ReleaseScriptingObjects (0ms)
			CreateAndSetChildDomain (30ms)
		EndReloadAssembly (960ms)
			LoadAssemblies (92ms)
			RebuildTransferFunctionScriptingTraits (0ms)
			SetupTypeCache (264ms)
			ReleaseScriptCaches (1ms)
			RebuildScriptCaches (51ms)
			SetupLoadedEditorAssemblies (367ms)
				LogAssemblyErrors (0ms)
				InitializePlatformSupportModulesInManaged (4ms)
				SetLoadedEditorAssemblies (0ms)
				RefreshPlugins (1ms)
				BeforeProcessingInitializeOnLoad (71ms)
				ProcessInitializeOnLoadAttributes (281ms)
				ProcessInitializeOnLoadMethodAttributes (5ms)
				AfterProcessingInitializeOnLoad (5ms)
				EditorAssembliesLoaded (0ms)
			ExecutionOrderSort2 (0ms)
			AwakeInstancesAfterBackupRestoration (20ms)
Platform modules already initialized, skipping
Refreshing native plugins compatible for Editor in 0.60 ms, found 2 plugins.
Preloading 0 native plugins for Editor in 0.00 ms.
Unloading 3722 Unused Serialized files (Serialized files now loaded: 0)
System memory in use before: 213.4 MB.
System memory in use after: 213.7 MB.

Unloading 14 unused Assets to reduce memory usage. Loaded Objects now: 4750.
Total: 3.124300 ms (FindLiveObjects: 0.278500 ms CreateObjectMapping: 0.155000 ms MarkObjects: 2.677200 ms  DeleteObjects: 0.012700 ms)

AssetImportParameters requested are different than current active one (requested -> active):
  custom:framework-win-MediaFoundation: 216162199b28c13a410421893ffa2e32 -> 
  custom:video-decoder-ogg-theora: a1e56fd34408186e4bbccfd4996cb3dc -> 
  custom:container-muxer-webm: aa71ff27fc2769a1b78a27578f13a17b -> 
  custom:container-demuxer-webm: 4f35f7cbe854078d1ac9338744f61a02 -> 
  custom:container-demuxer-ogg: 62fdf1f143b41e24485cea50d1cbac27 -> 
  custom:video-encoder-webm-vp8: eb34c28f22e8b96e1ab97ce403110664 -> 
  custom:video-decoder-webm-vp8: 9c59270c3fd7afecdb556c50c9e8de78 -> 
  custom:audio-decoder-ogg-vorbis: bf7c407c2cedff20999df2af8eb42d56 -> 
  custom:audio-encoder-webm-vorbis: bf7c407c2cedff20999df2af8eb42d56 -> 
========================================================================
Received Import Request.
  Time since last request: 767.990282 seconds.
  path: Assets/DialogueSystem/Dialogues/Empty/Empty.asset
  artifactKey: Guid(f83a18fdb29c4264b8ff986e7f700c0a) Importer(815301076,1909f56bfc062723c751e8b465ee728b)
Start importing Assets/DialogueSystem/Dialogues/Empty/Empty.asset using Guid(f83a18fdb29c4264b8ff986e7f700c0a) Importer(815301076,1909f56bfc062723c751e8b465ee728b)  -> (artifact id: 'e86c0357231f7903c67fabf7f5b829ef') in 0.031491 seconds 
  Import took 0.059868 seconds .

========================================================================
Received Import Request.
  Time since last request: 0.000181 seconds.
  path: Assets/DialogueSystem/Dialogues/Groups/Groups.asset
  artifactKey: Guid(d9fbeba9c3decc84eac75e23f48b59a7) Importer(815301076,1909f56bfc062723c751e8b465ee728b)
Start importing Assets/DialogueSystem/Dialogues/Groups/Groups.asset using Guid(d9fbeba9c3decc84eac75e23f48b59a7) Importer(815301076,1909f56bfc062723c751e8b465ee728b)  -> (artifact id: 'b5cf71610d14499ab877459a53caae48') in 0.004927 seconds 
  Import took 0.030673 seconds .

========================================================================
Received Import Request.
  Time since last request: 0.000168 seconds.
  path: Assets/DialogueSystem/Dialogues/MultipleNodes/MultipleNodes.asset
  artifactKey: Guid(1aa62e792324c3c4e915a43b608bd06b) Importer(815301076,1909f56bfc062723c751e8b465ee728b)
Start importing Assets/DialogueSystem/Dialogues/MultipleNodes/MultipleNodes.asset using Guid(1aa62e792324c3c4e915a43b608bd06b) Importer(815301076,1909f56bfc062723c751e8b465ee728b)  -> (artifact id: '1570a54f64c81534238fa1bdc0efd748') in 0.042091 seconds 
  Import took 0.094161 seconds .

========================================================================
Received Import Request.
  Time since last request: 0.000120 seconds.
  path: Assets/DialogueSystem/Dialogues/UngroupedDialogues/UngroupedDialogues.asset
  artifactKey: Guid(f3328549cbe5e0f4288e06465aaebf2e) Importer(815301076,1909f56bfc062723c751e8b465ee728b)
Start importing Assets/DialogueSystem/Dialogues/UngroupedDialogues/UngroupedDialogues.asset using Guid(f3328549cbe5e0f4288e06465aaebf2e) Importer(815301076,1909f56bfc062723c751e8b465ee728b)  -> (artifact id: 'e7caeeafdfdb388810cb51cb7e4e66a2') in 0.008435 seconds 
  Import took 0.028179 seconds .

========================================================================
Received Import Request.
  Time since last request: 0.000118 seconds.
  path: Assets/DialogueSystem/Dialogues/GroupedDialogues/GroupedDialogues.asset
  artifactKey: Guid(ffb200f186c9f724cb4786ab8fbfa661) Importer(815301076,1909f56bfc062723c751e8b465ee728b)
Start importing Assets/DialogueSystem/Dialogues/GroupedDialogues/GroupedDialogues.asset using Guid(ffb200f186c9f724cb4786ab8fbfa661) Importer(815301076,1909f56bfc062723c751e8b465ee728b)  -> (artifact id: '5b7717ca6fcce046f4be5985ed443edc') in 0.018646 seconds 
  Import took 0.042115 seconds .

========================================================================
Received Import Request.
  Time since last request: 0.000126 seconds.
  path: Assets/DialogueSystem/Dialogues/KropLinser/KropLinser.asset
  artifactKey: Guid(aa90f91088a71954db01dda9c64aec51) Importer(815301076,1909f56bfc062723c751e8b465ee728b)
Start importing Assets/DialogueSystem/Dialogues/KropLinser/KropLinser.asset using Guid(aa90f91088a71954db01dda9c64aec51) Importer(815301076,1909f56bfc062723c751e8b465ee728b)  -> (artifact id: '318698f70b4ebd3826f158e6c5bf6a46') in 0.005646 seconds 
  Import took 0.023929 seconds .

========================================================================
Received Import Request.
  Time since last request: 0.000125 seconds.
  path: Assets/DialogueSystem/Dialogues/Full/Full.asset
  artifactKey: Guid(7b329778bbb4ca44aac8c89af6c895f0) Importer(815301076,1909f56bfc062723c751e8b465ee728b)
Start importing Assets/DialogueSystem/Dialogues/Full/Full.asset using Guid(7b329778bbb4ca44aac8c89af6c895f0) Importer(815301076,1909f56bfc062723c751e8b465ee728b)  -> (artifact id: '64b580dd01480a749cc7e71140c64faa') in 1.025476 seconds 
  Import took 1.049456 seconds .

========================================================================
Received Import Request.
  Time since last request: 12.061355 seconds.
  path: Assets/DialogueSystem/Dialogues/KropLinser/Groups/Greetings/Dialogues/Answer.asset
  artifactKey: Guid(58602a3dc69332a4b9e6c44569a9c931) Importer(815301076,1909f56bfc062723c751e8b465ee728b)
Start importing Assets/DialogueSystem/Dialogues/KropLinser/Groups/Greetings/Dialogues/Answer.asset using Guid(58602a3dc69332a4b9e6c44569a9c931) Importer(815301076,1909f56bfc062723c751e8b465ee728b)  -> (artifact id: '799559f0189d624af9e72211da9109ba') in 0.004483 seconds 
  Import took 0.058572 seconds .

========================================================================
Received Import Request.
  Time since last request: 0.000176 seconds.
  path: Assets/DialogueSystem/Dialogues/KropLinser/Groups/Greetings/Dialogues/RudeResponse.asset
  artifactKey: Guid(e2488ab699e836a418a107cd1330280a) Importer(815301076,1909f56bfc062723c751e8b465ee728b)
Start importing Assets/DialogueSystem/Dialogues/KropLinser/Groups/Greetings/Dialogues/RudeResponse.asset using Guid(e2488ab699e836a418a107cd1330280a) Importer(815301076,1909f56bfc062723c751e8b465ee728b)  -> (artifact id: '64b3fbb9310f905df7198bca88cf37f5') in 0.024457 seconds 
  Import took 0.029006 seconds .

========================================================================
Received Import Request.
  Time since last request: 0.000124 seconds.
  path: Assets/DialogueSystem/Dialogues/KropLinser/Groups/Greetings/Dialogues/Start.asset
  artifactKey: Guid(6090037f88a45e6499760b855f76032c) Importer(815301076,1909f56bfc062723c751e8b465ee728b)
Start importing Assets/DialogueSystem/Dialogues/KropLinser/Groups/Greetings/Dialogues/Start.asset using Guid(6090037f88a45e6499760b855f76032c) Importer(815301076,1909f56bfc062723c751e8b465ee728b)  -> (artifact id: 'bb04c238d86448c75983c6028ba2cfe6') in 0.007176 seconds 
  Import took 0.081669 seconds .

========================================================================
Received Import Request.
  Time since last request: 0.000107 seconds.
  path: Assets/DialogueSystem/Dialogues/KropLinser/Groups/Greetings/Dialogues/RudeResponse.asset
  artifactKey: Guid(e2488ab699e836a418a107cd1330280a) Importer(815301076,1909f56bfc062723c751e8b465ee728b)
Start importing Assets/DialogueSystem/Dialogues/KropLinser/Groups/Greetings/Dialogues/RudeResponse.asset using Guid(e2488ab699e836a418a107cd1330280a) Importer(815301076,1909f56bfc062723c751e8b465ee728b)  -> (artifact id: '64b3fbb9310f905df7198bca88cf37f5') in 0.002142 seconds 
  Import took 0.006829 seconds .

========================================================================
Received Import Request.
  Time since last request: 0.000116 seconds.
  path: Assets/DialogueSystem/Dialogues/KropLinser/Groups/Greetings/Dialogues/Start.asset
  artifactKey: Guid(6090037f88a45e6499760b855f76032c) Importer(815301076,1909f56bfc062723c751e8b465ee728b)
Start importing Assets/DialogueSystem/Dialogues/KropLinser/Groups/Greetings/Dialogues/Start.asset using Guid(6090037f88a45e6499760b855f76032c) Importer(815301076,1909f56bfc062723c751e8b465ee728b)  -> (artifact id: 'bb04c238d86448c75983c6028ba2cfe6') in 0.002355 seconds 
  Import took 0.006914 seconds .

========================================================================
Received Import Request.
  Time since last request: 0.000120 seconds.
  path: Assets/DialogueSystem/Dialogues/KropLinser/Groups/Greetings/Dialogues/Answer.asset
  artifactKey: Guid(58602a3dc69332a4b9e6c44569a9c931) Importer(815301076,1909f56bfc062723c751e8b465ee728b)
Start importing Assets/DialogueSystem/Dialogues/KropLinser/Groups/Greetings/Dialogues/Answer.asset using Guid(58602a3dc69332a4b9e6c44569a9c931) Importer(815301076,1909f56bfc062723c751e8b465ee728b)  -> (artifact id: '799559f0189d624af9e72211da9109ba') in 0.001911 seconds 
  Import took 0.006565 seconds .

========================================================================
Received Prepare
Registering precompiled user dll's ...
Registered in 0.002193 seconds.
Begin MonoManager ReloadAssembly
Native extension for WindowsStandalone target not found
Native extension for WebGL target not found
Refreshing native plugins compatible for Editor in 0.60 ms, found 2 plugins.
Preloading 0 native plugins for Editor in 0.00 ms.
Mono: successfully reloaded assembly
- Completed reload, in  1.030 seconds
Domain Reload Profiling:
	ReloadAssembly (1030ms)
		BeginReloadAssembly (85ms)
			ExecutionOrderSort (0ms)
			DisableScriptedObjects (4ms)
			BackupInstance (0ms)
			ReleaseScriptingObjects (0ms)
			CreateAndSetChildDomain (29ms)
		EndReloadAssembly (900ms)
			LoadAssemblies (66ms)
			RebuildTransferFunctionScriptingTraits (0ms)
			SetupTypeCache (259ms)
			ReleaseScriptCaches (1ms)
			RebuildScriptCaches (50ms)
			SetupLoadedEditorAssemblies (350ms)
				LogAssemblyErrors (0ms)
				InitializePlatformSupportModulesInManaged (4ms)
				SetLoadedEditorAssemblies (0ms)
				RefreshPlugins (1ms)
				BeforeProcessingInitializeOnLoad (72ms)
				ProcessInitializeOnLoadAttributes (264ms)
				ProcessInitializeOnLoadMethodAttributes (5ms)
				AfterProcessingInitializeOnLoad (5ms)
				EditorAssembliesLoaded (0ms)
			ExecutionOrderSort2 (0ms)
			AwakeInstancesAfterBackupRestoration (15ms)
Platform modules already initialized, skipping
Refreshing native plugins compatible for Editor in 0.61 ms, found 2 plugins.
Preloading 0 native plugins for Editor in 0.00 ms.
Unloading 3722 Unused Serialized files (Serialized files now loaded: 0)
System memory in use before: 213.5 MB.
System memory in use after: 213.7 MB.

Unloading 14 unused Assets to reduce memory usage. Loaded Objects now: 4752.
Total: 3.130200 ms (FindLiveObjects: 0.297100 ms CreateObjectMapping: 0.150500 ms MarkObjects: 2.669300 ms  DeleteObjects: 0.012800 ms)

AssetImportParameters requested are different than current active one (requested -> active):
  custom:framework-win-MediaFoundation: 216162199b28c13a410421893ffa2e32 -> 
  custom:video-decoder-ogg-theora: a1e56fd34408186e4bbccfd4996cb3dc -> 
  custom:container-muxer-webm: aa71ff27fc2769a1b78a27578f13a17b -> 
  custom:container-demuxer-webm: 4f35f7cbe854078d1ac9338744f61a02 -> 
  custom:container-demuxer-ogg: 62fdf1f143b41e24485cea50d1cbac27 -> 
  custom:video-encoder-webm-vp8: eb34c28f22e8b96e1ab97ce403110664 -> 
  custom:video-decoder-webm-vp8: 9c59270c3fd7afecdb556c50c9e8de78 -> 
  custom:audio-decoder-ogg-vorbis: bf7c407c2cedff20999df2af8eb42d56 -> 
  custom:audio-encoder-webm-vorbis: bf7c407c2cedff20999df2af8eb42d56 -> 
========================================================================
Received Import Request.
  Time since last request: 172.286707 seconds.
  path: Assets/Second Controller/Dialogue TEST/UI/Font/GreatVibes-Regular SDF.asset
  artifactKey: Guid(38533436c3d03824381c6b22b0a1bd39) Importer(815301076,1909f56bfc062723c751e8b465ee728b)
Start importing Assets/Second Controller/Dialogue TEST/UI/Font/GreatVibes-Regular SDF.asset using Guid(38533436c3d03824381c6b22b0a1bd39) Importer(815301076,1909f56bfc062723c751e8b465ee728b)  -> (artifact id: 'e18db1e9404a968ab55b9920e6d2a06b') in 0.506894 seconds 
  Import took 0.528135 seconds .

========================================================================
Received Import Request.
  Time since last request: 0.000115 seconds.
  path: Assets/Assets/TextMesh Pro/Resources/Fonts & Materials/LiberationSans SDF - Fallback.asset
  artifactKey: Guid(2e498d1c8094910479dc3e1b768306a4) Importer(815301076,1909f56bfc062723c751e8b465ee728b)
Start importing Assets/Assets/TextMesh Pro/Resources/Fonts & Materials/LiberationSans SDF - Fallback.asset using Guid(2e498d1c8094910479dc3e1b768306a4) Importer(815301076,1909f56bfc062723c751e8b465ee728b)  -> (artifact id: '3ca39f177e3db33724756575e77519a8') in 0.084234 seconds 
  Import took 0.104368 seconds .

========================================================================
Received Import Request.
  Time since last request: 0.000199 seconds.
  path: Assets/Assets/TextMesh Pro/Resources/Fonts & Materials/LiberationSans SDF.asset
  artifactKey: Guid(8f586378b4e144a9851e7b34d9b748ee) Importer(815301076,1909f56bfc062723c751e8b465ee728b)
Start importing Assets/Assets/TextMesh Pro/Resources/Fonts & Materials/LiberationSans SDF.asset using Guid(8f586378b4e144a9851e7b34d9b748ee) Importer(815301076,1909f56bfc062723c751e8b465ee728b)  -> (artifact id: 'c849d37029a81a03d48e49379fd13c1e') in 0.064056 seconds 
  Import took 0.092018 seconds .

========================================================================
Received Import Request.
  Time since last request: 0.000118 seconds.
  path: Assets/Second Controller/Dialogue TEST/UI/Font/GreatVibes-Regular SDF.asset
  artifactKey: Guid(38533436c3d03824381c6b22b0a1bd39) Importer(815301076,1909f56bfc062723c751e8b465ee728b)
Start importing Assets/Second Controller/Dialogue TEST/UI/Font/GreatVibes-Regular SDF.asset using Guid(38533436c3d03824381c6b22b0a1bd39) Importer(815301076,1909f56bfc062723c751e8b465ee728b)  -> (artifact id: 'e18db1e9404a968ab55b9920e6d2a06b') in 0.125343 seconds 
  Import took 0.130119 seconds .

========================================================================
Received Import Request.
  Time since last request: 5.405519 seconds.
  path: Assets/Second Controller/Dialogue TEST/UI/Font/GreatVibes-Regular.ttf
  artifactKey: Guid(48439cf0eb1cff045a23cfe6a5c78559) Importer(815301076,1909f56bfc062723c751e8b465ee728b)
Start importing Assets/Second Controller/Dialogue TEST/UI/Font/GreatVibes-Regular.ttf using Guid(48439cf0eb1cff045a23cfe6a5c78559) Importer(815301076,1909f56bfc062723c751e8b465ee728b)  -> (artifact id: '60179eb4c5064eb116baa9fc44037cd1') in 0.074841 seconds 
  Import took 0.096718 seconds .

========================================================================
Received Import Request.
  Time since last request: 0.000938 seconds.
  path: Assets/Second Controller/Dialogue TEST/UI/Font/GreatVibes-Regular.ttf
  artifactKey: Guid(48439cf0eb1cff045a23cfe6a5c78559) Importer(815301076,1909f56bfc062723c751e8b465ee728b)
Start importing Assets/Second Controller/Dialogue TEST/UI/Font/GreatVibes-Regular.ttf using Guid(48439cf0eb1cff045a23cfe6a5c78559) Importer(815301076,1909f56bfc062723c751e8b465ee728b)  -> (artifact id: '60179eb4c5064eb116baa9fc44037cd1') in 0.038342 seconds 
  Import took 0.043298 seconds .

========================================================================
Received Import Request.
  Time since last request: 16.560898 seconds.
  path: Assets/DialogueSystem/Scripts/DSDialogueManager.cs
  artifactKey: Guid(8d8f1a666f6826344a7dd3ae7cd2fdd4) Importer(815301076,1909f56bfc062723c751e8b465ee728b)
Start importing Assets/DialogueSystem/Scripts/DSDialogueManager.cs using Guid(8d8f1a666f6826344a7dd3ae7cd2fdd4) Importer(815301076,1909f56bfc062723c751e8b465ee728b)  -> (artifact id: '3ca3b044801ee1f327ceecc2ee06ca9b') in 0.017778 seconds 
  Import took 0.022624 seconds .

========================================================================
Received Import Request.
  Time since last request: 0.001797 seconds.
  path: Assets/DialogueSystem/Scripts/DSDialogueManager.cs
  artifactKey: Guid(8d8f1a666f6826344a7dd3ae7cd2fdd4) Importer(815301076,1909f56bfc062723c751e8b465ee728b)
Start importing Assets/DialogueSystem/Scripts/DSDialogueManager.cs using Guid(8d8f1a666f6826344a7dd3ae7cd2fdd4) Importer(815301076,1909f56bfc062723c751e8b465ee728b)  -> (artifact id: '3ca3b044801ee1f327ceecc2ee06ca9b') in 0.001354 seconds 
  Import took 0.006061 seconds .

========================================================================
Received Prepare
Registering precompiled user dll's ...
Registered in 0.024558 seconds.
Begin MonoManager ReloadAssembly
Native extension for WindowsStandalone target not found
Native extension for WebGL target not found
Refreshing native plugins compatible for Editor in 0.62 ms, found 2 plugins.
Preloading 0 native plugins for Editor in 0.00 ms.
Mono: successfully reloaded assembly
- Completed reload, in  1.709 seconds
Domain Reload Profiling:
	ReloadAssembly (1710ms)
		BeginReloadAssembly (128ms)
			ExecutionOrderSort (0ms)
			DisableScriptedObjects (31ms)
			BackupInstance (0ms)
			ReleaseScriptingObjects (0ms)
			CreateAndSetChildDomain (38ms)
		EndReloadAssembly (1534ms)
			LoadAssemblies (69ms)
			RebuildTransferFunctionScriptingTraits (0ms)
			SetupTypeCache (273ms)
			ReleaseScriptCaches (1ms)
			RebuildScriptCaches (52ms)
			SetupLoadedEditorAssemblies (363ms)
				LogAssemblyErrors (0ms)
				InitializePlatformSupportModulesInManaged (4ms)
				SetLoadedEditorAssemblies (0ms)
				RefreshPlugins (1ms)
				BeforeProcessingInitializeOnLoad (73ms)
				ProcessInitializeOnLoadAttributes (275ms)
				ProcessInitializeOnLoadMethodAttributes (6ms)
				AfterProcessingInitializeOnLoad (5ms)
				EditorAssembliesLoaded (0ms)
			ExecutionOrderSort2 (0ms)
			AwakeInstancesAfterBackupRestoration (18ms)
Platform modules already initialized, skipping
Refreshing native plugins compatible for Editor in 0.68 ms, found 2 plugins.
Preloading 0 native plugins for Editor in 0.00 ms.
Unloading 3722 Unused Serialized files (Serialized files now loaded: 0)
System memory in use before: 213.9 MB.
System memory in use after: 214.2 MB.

Unloading 14 unused Assets to reduce memory usage. Loaded Objects now: 4860.
Total: 3.881000 ms (FindLiveObjects: 0.389800 ms CreateObjectMapping: 0.179900 ms MarkObjects: 3.294100 ms  DeleteObjects: 0.016200 ms)

AssetImportParameters requested are different than current active one (requested -> active):
  custom:framework-win-MediaFoundation: 216162199b28c13a410421893ffa2e32 -> 
  custom:video-decoder-ogg-theora: a1e56fd34408186e4bbccfd4996cb3dc -> 
  custom:container-muxer-webm: aa71ff27fc2769a1b78a27578f13a17b -> 
  custom:container-demuxer-webm: 4f35f7cbe854078d1ac9338744f61a02 -> 
  custom:container-demuxer-ogg: 62fdf1f143b41e24485cea50d1cbac27 -> 
  custom:video-encoder-webm-vp8: eb34c28f22e8b96e1ab97ce403110664 -> 
  custom:video-decoder-webm-vp8: 9c59270c3fd7afecdb556c50c9e8de78 -> 
  custom:audio-decoder-ogg-vorbis: bf7c407c2cedff20999df2af8eb42d56 -> 
  custom:audio-encoder-webm-vorbis: bf7c407c2cedff20999df2af8eb42d56 -> 
========================================================================
Received Prepare
Registering precompiled user dll's ...
Registered in 0.002288 seconds.
Begin MonoManager ReloadAssembly
Native extension for WindowsStandalone target not found
Native extension for WebGL target not found
Refreshing native plugins compatible for Editor in 0.64 ms, found 2 plugins.
Preloading 0 native plugins for Editor in 0.00 ms.
Mono: successfully reloaded assembly
- Completed reload, in  1.065 seconds
Domain Reload Profiling:
	ReloadAssembly (1065ms)
		BeginReloadAssembly (86ms)
			ExecutionOrderSort (0ms)
			DisableScriptedObjects (4ms)
			BackupInstance (0ms)
			ReleaseScriptingObjects (0ms)
			CreateAndSetChildDomain (27ms)
		EndReloadAssembly (932ms)
			LoadAssemblies (65ms)
			RebuildTransferFunctionScriptingTraits (0ms)
			SetupTypeCache (269ms)
			ReleaseScriptCaches (1ms)
			RebuildScriptCaches (52ms)
			SetupLoadedEditorAssemblies (360ms)
				LogAssemblyErrors (0ms)
				InitializePlatformSupportModulesInManaged (4ms)
				SetLoadedEditorAssemblies (1ms)
				RefreshPlugins (1ms)
				BeforeProcessingInitializeOnLoad (72ms)
				ProcessInitializeOnLoadAttributes (272ms)
				ProcessInitializeOnLoadMethodAttributes (6ms)
				AfterProcessingInitializeOnLoad (5ms)
				EditorAssembliesLoaded (0ms)
			ExecutionOrderSort2 (0ms)
			AwakeInstancesAfterBackupRestoration (19ms)
Platform modules already initialized, skipping
Refreshing native plugins compatible for Editor in 0.66 ms, found 2 plugins.
Preloading 0 native plugins for Editor in 0.00 ms.
Unloading 3722 Unused Serialized files (Serialized files now loaded: 0)
System memory in use before: 213.9 MB.
System memory in use after: 214.2 MB.

Unloading 14 unused Assets to reduce memory usage. Loaded Objects now: 4862.
Total: 3.609900 ms (FindLiveObjects: 0.415800 ms CreateObjectMapping: 0.198800 ms MarkObjects: 2.980000 ms  DeleteObjects: 0.014200 ms)

AssetImportParameters requested are different than current active one (requested -> active):
  custom:framework-win-MediaFoundation: 216162199b28c13a410421893ffa2e32 -> 
  custom:video-decoder-ogg-theora: a1e56fd34408186e4bbccfd4996cb3dc -> 
  custom:container-muxer-webm: aa71ff27fc2769a1b78a27578f13a17b -> 
  custom:container-demuxer-webm: 4f35f7cbe854078d1ac9338744f61a02 -> 
  custom:container-demuxer-ogg: 62fdf1f143b41e24485cea50d1cbac27 -> 
  custom:video-encoder-webm-vp8: eb34c28f22e8b96e1ab97ce403110664 -> 
  custom:video-decoder-webm-vp8: 9c59270c3fd7afecdb556c50c9e8de78 -> 
  custom:audio-decoder-ogg-vorbis: bf7c407c2cedff20999df2af8eb42d56 -> 
  custom:audio-encoder-webm-vorbis: bf7c407c2cedff20999df2af8eb42d56 -> 
========================================================================
Received Import Request.
  Time since last request: 105.807109 seconds.
  path: Assets/DialogueSystem/Scripts/DSDialogueManager.cs
  artifactKey: Guid(8d8f1a666f6826344a7dd3ae7cd2fdd4) Importer(815301076,1909f56bfc062723c751e8b465ee728b)
Start importing Assets/DialogueSystem/Scripts/DSDialogueManager.cs using Guid(8d8f1a666f6826344a7dd3ae7cd2fdd4) Importer(815301076,1909f56bfc062723c751e8b465ee728b)  -> (artifact id: 'aad1d95f12603f0f40fe32cd97e53ec1') in 0.004290 seconds 
  Import took 0.084371 seconds .

========================================================================
Received Prepare
Registering precompiled user dll's ...
Registered in 0.137086 seconds.
Begin MonoManager ReloadAssembly
Native extension for WindowsStandalone target not found
Native extension for WebGL target not found
Refreshing native plugins compatible for Editor in 0.79 ms, found 2 plugins.
Preloading 0 native plugins for Editor in 0.00 ms.
Mono: successfully reloaded assembly
- Completed reload, in 22.235 seconds
Domain Reload Profiling:
	ReloadAssembly (23633ms)
		BeginReloadAssembly (18486ms)
			ExecutionOrderSort (0ms)
			DisableScriptedObjects (5381ms)
			BackupInstance (0ms)
			ReleaseScriptingObjects (30ms)
			CreateAndSetChildDomain (7169ms)
		EndReloadAssembly (3190ms)
			LoadAssemblies (934ms)
			RebuildTransferFunctionScriptingTraits (2ms)
			SetupTypeCache (761ms)
			ReleaseScriptCaches (3ms)
			RebuildScriptCaches (54ms)
			SetupLoadedEditorAssemblies (617ms)
				LogAssemblyErrors (0ms)
				InitializePlatformSupportModulesInManaged (9ms)
				SetLoadedEditorAssemblies (0ms)
				RefreshPlugins (1ms)
				BeforeProcessingInitializeOnLoad (121ms)
				ProcessInitializeOnLoadAttributes (467ms)
				ProcessInitializeOnLoadMethodAttributes (12ms)
				AfterProcessingInitializeOnLoad (5ms)
				EditorAssembliesLoaded (1ms)
			ExecutionOrderSort2 (0ms)
			AwakeInstancesAfterBackupRestoration (20ms)
Platform modules already initialized, skipping
Refreshing native plugins compatible for Editor in 0.63 ms, found 2 plugins.
Preloading 0 native plugins for Editor in 0.00 ms.
Unloading 3722 Unused Serialized files (Serialized files now loaded: 0)
System memory in use before: 213.9 MB.
System memory in use after: 214.2 MB.

Unloading 14 unused Assets to reduce memory usage. Loaded Objects now: 4864.
Total: 119.278400 ms (FindLiveObjects: 7.116200 ms CreateObjectMapping: 0.268800 ms MarkObjects: 103.651200 ms  DeleteObjects: 8.240300 ms)

AssetImportParameters requested are different than current active one (requested -> active):
  custom:framework-win-MediaFoundation: 216162199b28c13a410421893ffa2e32 -> 
  custom:video-decoder-ogg-theora: a1e56fd34408186e4bbccfd4996cb3dc -> 
  custom:container-muxer-webm: aa71ff27fc2769a1b78a27578f13a17b -> 
  custom:container-demuxer-webm: 4f35f7cbe854078d1ac9338744f61a02 -> 
  custom:container-demuxer-ogg: 62fdf1f143b41e24485cea50d1cbac27 -> 
  custom:video-encoder-webm-vp8: eb34c28f22e8b96e1ab97ce403110664 -> 
  custom:video-decoder-webm-vp8: 9c59270c3fd7afecdb556c50c9e8de78 -> 
  custom:audio-decoder-ogg-vorbis: bf7c407c2cedff20999df2af8eb42d56 -> 
  custom:audio-encoder-webm-vorbis: bf7c407c2cedff20999df2af8eb42d56 -> 
========================================================================
Received Import Request.
  Time since last request: 974.228549 seconds.
  path: Assets/Soldiers/heinemanRIgged.fbx
  artifactKey: Guid(17978a474d2883149a9ca39030eaffac) Importer(815301076,1909f56bfc062723c751e8b465ee728b)
Start importing Assets/Soldiers/heinemanRIgged.fbx using Guid(17978a474d2883149a9ca39030eaffac) Importer(815301076,1909f56bfc062723c751e8b465ee728b)  -> (artifact id: 'df9d71eac02478bdd8cfd09049a8086c') in 3.458364 seconds 
  Import took 3.712691 seconds .

========================================================================
Received Import Request.
  Time since last request: 5.846643 seconds.
  path: Assets/Soldiers/riggedLinser.fbx
  artifactKey: Guid(586286ecf4502204d8492ad60e51e1c1) Importer(815301076,1909f56bfc062723c751e8b465ee728b)
Start importing Assets/Soldiers/riggedLinser.fbx using Guid(586286ecf4502204d8492ad60e51e1c1) Importer(815301076,1909f56bfc062723c751e8b465ee728b)  -> (artifact id: 'f700a9a4be9b9adfe7baff53f3e46b7c') in 0.313714 seconds 
  Import took 0.340701 seconds .

========================================================================
Received Import Request.
  Time since last request: 17.424442 seconds.
  path: Assets/Soldiers/riggedLinser.fbx
  artifactKey: Guid(586286ecf4502204d8492ad60e51e1c1) Importer(815301076,1909f56bfc062723c751e8b465ee728b)
Start importing Assets/Soldiers/riggedLinser.fbx using Guid(586286ecf4502204d8492ad60e51e1c1) Importer(815301076,1909f56bfc062723c751e8b465ee728b)  -> (artifact id: '652985c6db22aa1269d0599c3d5ba067') in 0.210503 seconds 
  Import took 0.257712 seconds .

========================================================================
Received Import Request.
  Time since last request: 102.469715 seconds.
  path: Assets/DialogueSystem/Dialogues/KropLinser/KropLinser.asset
  artifactKey: Guid(aa90f91088a71954db01dda9c64aec51) Importer(815301076,1909f56bfc062723c751e8b465ee728b)
Start importing Assets/DialogueSystem/Dialogues/KropLinser/KropLinser.asset using Guid(aa90f91088a71954db01dda9c64aec51) Importer(815301076,1909f56bfc062723c751e8b465ee728b)  -> (artifact id: 'b5747bae0f5039718c46a085118b1a9d') in 0.336975 seconds 
  Import took 0.426291 seconds .

========================================================================
Received Import Request.
  Time since last request: 0.003164 seconds.
  path: Assets/DialogueSystem/Dialogues/KropLinser/KropLinser.asset
  artifactKey: Guid(aa90f91088a71954db01dda9c64aec51) Importer(815301076,1909f56bfc062723c751e8b465ee728b)
Start importing Assets/DialogueSystem/Dialogues/KropLinser/KropLinser.asset using Guid(aa90f91088a71954db01dda9c64aec51) Importer(815301076,1909f56bfc062723c751e8b465ee728b)  -> (artifact id: 'b5747bae0f5039718c46a085118b1a9d') in 0.003370 seconds 
  Import took 0.021431 seconds .

========================================================================
Received Import Request.
  Time since last request: 104.237183 seconds.
  path: Assets/Soldiers/Heineman.controller
  artifactKey: Guid(7f62c8e750f2f31449f6b83255a58b10) Importer(815301076,1909f56bfc062723c751e8b465ee728b)
Start importing Assets/Soldiers/Heineman.controller using Guid(7f62c8e750f2f31449f6b83255a58b10) Importer(815301076,1909f56bfc062723c751e8b465ee728b)  -> (artifact id: 'e9972b17a18325fdf36527b1ec65ca04') in 0.026455 seconds 
  Import took 0.057685 seconds .

========================================================================
Received Import Request.
  Time since last request: 17.599969 seconds.
  path: Assets/Soldiers/heinemanRIgged.fbx
  artifactKey: Guid(17978a474d2883149a9ca39030eaffac) Importer(815301076,1909f56bfc062723c751e8b465ee728b)
Start importing Assets/Soldiers/heinemanRIgged.fbx using Guid(17978a474d2883149a9ca39030eaffac) Importer(815301076,1909f56bfc062723c751e8b465ee728b)  -> (artifact id: 'e314f636f19736c55a45e82845737dd6') in 2.452694 seconds 
  Import took 2.479808 seconds .

========================================================================
Received Import Request.
  Time since last request: 0.094506 seconds.
  path: Assets/Soldiers/heinemanRIgged.fbx
  artifactKey: Guid(17978a474d2883149a9ca39030eaffac) Importer(815301076,1909f56bfc062723c751e8b465ee728b)
Start importing Assets/Soldiers/heinemanRIgged.fbx using Guid(17978a474d2883149a9ca39030eaffac) Importer(815301076,1909f56bfc062723c751e8b465ee728b)  -> (artifact id: 'e314f636f19736c55a45e82845737dd6') in 0.455417 seconds 
  Import took 0.462144 seconds .

========================================================================
Received Import Request.
  Time since last request: 37.745303 seconds.
  path: Assets/Soldiers/heinemanRIgged.fbx
  artifactKey: Guid(17978a474d2883149a9ca39030eaffac) Importer(815301076,1909f56bfc062723c751e8b465ee728b)
Start importing Assets/Soldiers/heinemanRIgged.fbx using Guid(17978a474d2883149a9ca39030eaffac) Importer(815301076,1909f56bfc062723c751e8b465ee728b)  -> (artifact id: '0e7bb9231a7fd5f8cc7090d37ea5ded9') in 1.163084 seconds 
  Import took 1.192703 seconds .

========================================================================
Received Import Request.
  Time since last request: 27.827575 seconds.
  path: Assets/Soldiers/heinemanRIgged.fbx
  artifactKey: Guid(17978a474d2883149a9ca39030eaffac) Importer(815301076,1909f56bfc062723c751e8b465ee728b)
Start importing Assets/Soldiers/heinemanRIgged.fbx using Guid(17978a474d2883149a9ca39030eaffac) Importer(815301076,1909f56bfc062723c751e8b465ee728b)  -> (artifact id: '8ab58dba383c6e3b5896d1d2b8adb03e') in 1.094294 seconds 
  Import took 1.129659 seconds .

========================================================================
Received Import Request.
  Time since last request: 17.899572 seconds.
  path: Assets/Soldiers/heinemanRIgged.fbx
  artifactKey: Guid(17978a474d2883149a9ca39030eaffac) Importer(815301076,1909f56bfc062723c751e8b465ee728b)
Start importing Assets/Soldiers/heinemanRIgged.fbx using Guid(17978a474d2883149a9ca39030eaffac) Importer(815301076,1909f56bfc062723c751e8b465ee728b)  -> (artifact id: 'a3d80668c251569785555f508c87e60e') in 0.178870 seconds 
  Import took 0.203732 seconds .

========================================================================
Received Import Request.
  Time since last request: 27.250800 seconds.
  path: Assets/Soldiers/Animations/Standing Idle.fbx
  artifactKey: Guid(50b2ef41668e45447833bc1615094785) Importer(815301076,1909f56bfc062723c751e8b465ee728b)
Start importing Assets/Soldiers/Animations/Standing Idle.fbx using Guid(50b2ef41668e45447833bc1615094785) Importer(815301076,1909f56bfc062723c751e8b465ee728b)  -> (artifact id: '21e38912727ac38965daf88e5073de3d') in 0.040511 seconds 
  Import took 0.069180 seconds .

========================================================================
Received Import Request.
  Time since last request: 6.010847 seconds.
  path: Assets/Soldiers/Animations/Sitting Idle.fbx
  artifactKey: Guid(2dd44130005876b41ac09c175ba1602b) Importer(815301076,1909f56bfc062723c751e8b465ee728b)
Start importing Assets/Soldiers/Animations/Sitting Idle.fbx using Guid(2dd44130005876b41ac09c175ba1602b) Importer(815301076,1909f56bfc062723c751e8b465ee728b)  -> (artifact id: '6ed0f72021bc65887e3ea990f3a0ed94') in 0.012956 seconds 
  Import took 0.027071 seconds .

========================================================================
Received Import Request.
  Time since last request: 33.713678 seconds.
  path: Assets/Soldiers/Animations/Sitting Idle.fbx
  artifactKey: Guid(2dd44130005876b41ac09c175ba1602b) Importer(815301076,1909f56bfc062723c751e8b465ee728b)
Start importing Assets/Soldiers/Animations/Sitting Idle.fbx using Guid(2dd44130005876b41ac09c175ba1602b) Importer(815301076,1909f56bfc062723c751e8b465ee728b)  -> (artifact id: 'dd802d178da011b392e3901d31bdfcb7') in 0.036349 seconds 
  Import took 0.064471 seconds .

========================================================================
Received Import Request.
  Time since last request: 13.100961 seconds.
  path: Assets/Soldiers/Animations/Sitting Idle.fbx
  artifactKey: Guid(2dd44130005876b41ac09c175ba1602b) Importer(815301076,1909f56bfc062723c751e8b465ee728b)
Start importing Assets/Soldiers/Animations/Sitting Idle.fbx using Guid(2dd44130005876b41ac09c175ba1602b) Importer(815301076,1909f56bfc062723c751e8b465ee728b)  -> (artifact id: 'd3aada3f5496e89599ebd7fba2c4ec9f') in 0.123856 seconds 
  Import took 0.145802 seconds .

========================================================================
Received Import Request.
  Time since last request: 32.253247 seconds.
  path: Assets/Soldiers/Animations/Sitting Idle.fbx
  artifactKey: Guid(2dd44130005876b41ac09c175ba1602b) Importer(815301076,1909f56bfc062723c751e8b465ee728b)
Start importing Assets/Soldiers/Animations/Sitting Idle.fbx using Guid(2dd44130005876b41ac09c175ba1602b) Importer(815301076,1909f56bfc062723c751e8b465ee728b)  -> (artifact id: 'dc52430d76ed11bd9f5445adc9c10f19') in 0.007167 seconds 
  Import took 0.027464 seconds .

========================================================================
Received Import Request.
  Time since last request: 77.001092 seconds.
  path: Assets/Soldiers/Linser.controller
  artifactKey: Guid(ba7323802ba223e4db11b6c0929e9007) Importer(815301076,1909f56bfc062723c751e8b465ee728b)
Start importing Assets/Soldiers/Linser.controller using Guid(ba7323802ba223e4db11b6c0929e9007) Importer(815301076,1909f56bfc062723c751e8b465ee728b)  -> (artifact id: '2be04d3a1ec0a604c16d435bfc825262') in 0.054070 seconds 
  Import took 0.080777 seconds .

========================================================================
Received Prepare
Registering precompiled user dll's ...
Registered in 0.003726 seconds.
Begin MonoManager ReloadAssembly
Native extension for WindowsStandalone target not found
Native extension for WebGL target not found
Refreshing native plugins compatible for Editor in 0.80 ms, found 2 plugins.
Preloading 0 native plugins for Editor in 0.00 ms.
Mono: successfully reloaded assembly
- Completed reload, in  5.786 seconds
Domain Reload Profiling:
	ReloadAssembly (5787ms)
		BeginReloadAssembly (1008ms)
			ExecutionOrderSort (0ms)
			DisableScriptedObjects (305ms)
			BackupInstance (0ms)
			ReleaseScriptingObjects (0ms)
			CreateAndSetChildDomain (474ms)
		EndReloadAssembly (4709ms)
			LoadAssemblies (888ms)
			RebuildTransferFunctionScriptingTraits (0ms)
			SetupTypeCache (782ms)
			ReleaseScriptCaches (1ms)
			RebuildScriptCaches (52ms)
			SetupLoadedEditorAssemblies (1497ms)
				LogAssemblyErrors (0ms)
				InitializePlatformSupportModulesInManaged (4ms)
				SetLoadedEditorAssemblies (19ms)
				RefreshPlugins (1ms)
				BeforeProcessingInitializeOnLoad (144ms)
				ProcessInitializeOnLoadAttributes (1318ms)
				ProcessInitializeOnLoadMethodAttributes (6ms)
				AfterProcessingInitializeOnLoad (5ms)
				EditorAssembliesLoaded (0ms)
			ExecutionOrderSort2 (0ms)
			AwakeInstancesAfterBackupRestoration (20ms)
Platform modules already initialized, skipping
Refreshing native plugins compatible for Editor in 0.70 ms, found 2 plugins.
Preloading 0 native plugins for Editor in 0.00 ms.
Unloading 3722 Unused Serialized files (Serialized files now loaded: 0)
System memory in use before: 214.5 MB.
System memory in use after: 214.7 MB.

Unloading 14 unused Assets to reduce memory usage. Loaded Objects now: 4967.
Total: 3.453800 ms (FindLiveObjects: 0.365700 ms CreateObjectMapping: 0.177900 ms MarkObjects: 2.896100 ms  DeleteObjects: 0.013300 ms)

AssetImportParameters requested are different than current active one (requested -> active):
  custom:framework-win-MediaFoundation: 216162199b28c13a410421893ffa2e32 -> 
  custom:video-decoder-ogg-theora: a1e56fd34408186e4bbccfd4996cb3dc -> 
  custom:container-muxer-webm: aa71ff27fc2769a1b78a27578f13a17b -> 
  custom:container-demuxer-webm: 4f35f7cbe854078d1ac9338744f61a02 -> 
  custom:container-demuxer-ogg: 62fdf1f143b41e24485cea50d1cbac27 -> 
  custom:video-encoder-webm-vp8: eb34c28f22e8b96e1ab97ce403110664 -> 
  custom:video-decoder-webm-vp8: 9c59270c3fd7afecdb556c50c9e8de78 -> 
  custom:audio-decoder-ogg-vorbis: bf7c407c2cedff20999df2af8eb42d56 -> 
  custom:audio-encoder-webm-vorbis: bf7c407c2cedff20999df2af8eb42d56 -> 
========================================================================
Received Import Request.
  Time since last request: 127.579498 seconds.
  path: Assets/Soldiers/Animations/Standing Idle.fbx
  artifactKey: Guid(226e3ce765d528544a1e5e368492befc) Importer(815301076,1909f56bfc062723c751e8b465ee728b)
Start importing Assets/Soldiers/Animations/Standing Idle.fbx using Guid(226e3ce765d528544a1e5e368492befc) Importer(815301076,1909f56bfc062723c751e8b465ee728b)  -> (artifact id: '925c23d4c0423bc0f4c40393307e6596') in 0.040154 seconds 
  Import took 0.072274 seconds .

========================================================================
Received Prepare
Registering precompiled user dll's ...
Registered in 0.096326 seconds.
Begin MonoManager ReloadAssembly
Native extension for WindowsStandalone target not found
Native extension for WebGL target not found
Refreshing native plugins compatible for Editor in 0.78 ms, found 2 plugins.
Preloading 0 native plugins for Editor in 0.00 ms.
Mono: successfully reloaded assembly
- Completed reload, in  1.094 seconds
Domain Reload Profiling:
	ReloadAssembly (1095ms)
		BeginReloadAssembly (98ms)
			ExecutionOrderSort (0ms)
			DisableScriptedObjects (4ms)
			BackupInstance (0ms)
			ReleaseScriptingObjects (0ms)
			CreateAndSetChildDomain (37ms)
		EndReloadAssembly (944ms)
			LoadAssemblies (71ms)
			RebuildTransferFunctionScriptingTraits (0ms)
			SetupTypeCache (270ms)
			ReleaseScriptCaches (1ms)
			RebuildScriptCaches (54ms)
			SetupLoadedEditorAssemblies (362ms)
				LogAssemblyErrors (0ms)
				InitializePlatformSupportModulesInManaged (5ms)
				SetLoadedEditorAssemblies (0ms)
				RefreshPlugins (1ms)
				BeforeProcessingInitializeOnLoad (74ms)
				ProcessInitializeOnLoadAttributes (272ms)
				ProcessInitializeOnLoadMethodAttributes (6ms)
				AfterProcessingInitializeOnLoad (5ms)
				EditorAssembliesLoaded (0ms)
			ExecutionOrderSort2 (0ms)
			AwakeInstancesAfterBackupRestoration (19ms)
Platform modules already initialized, skipping
Refreshing native plugins compatible for Editor in 0.68 ms, found 2 plugins.
Preloading 0 native plugins for Editor in 0.00 ms.
Unloading 3722 Unused Serialized files (Serialized files now loaded: 0)
System memory in use before: 214.3 MB.
System memory in use after: 214.6 MB.

Unloading 14 unused Assets to reduce memory usage. Loaded Objects now: 4969.
Total: 3.318200 ms (FindLiveObjects: 0.332300 ms CreateObjectMapping: 0.184200 ms MarkObjects: 2.787200 ms  DeleteObjects: 0.013500 ms)

AssetImportParameters requested are different than current active one (requested -> active):
  custom:framework-win-MediaFoundation: 216162199b28c13a410421893ffa2e32 -> 
  custom:video-decoder-ogg-theora: a1e56fd34408186e4bbccfd4996cb3dc -> 
  custom:container-muxer-webm: aa71ff27fc2769a1b78a27578f13a17b -> 
  custom:container-demuxer-webm: 4f35f7cbe854078d1ac9338744f61a02 -> 
  custom:container-demuxer-ogg: 62fdf1f143b41e24485cea50d1cbac27 -> 
  custom:video-encoder-webm-vp8: eb34c28f22e8b96e1ab97ce403110664 -> 
  custom:video-decoder-webm-vp8: 9c59270c3fd7afecdb556c50c9e8de78 -> 
  custom:audio-decoder-ogg-vorbis: bf7c407c2cedff20999df2af8eb42d56 -> 
  custom:audio-encoder-webm-vorbis: bf7c407c2cedff20999df2af8eb42d56 -> 
========================================================================
Received Import Request.
  Time since last request: 158.196387 seconds.
  path: Assets/Soldiers/riggedJoined.fbx
  artifactKey: Guid(189b144e3a0fd9c4f91391989a2e87bf) Importer(815301076,1909f56bfc062723c751e8b465ee728b)
Start importing Assets/Soldiers/riggedJoined.fbx using Guid(189b144e3a0fd9c4f91391989a2e87bf) Importer(815301076,1909f56bfc062723c751e8b465ee728b)  -> (artifact id: 'd6d56c6f2f84c3bdc6d8f30a99f8d3ab') in 0.857175 seconds 
  Import took 0.886756 seconds .

========================================================================
Received Import Request.
  Time since last request: 13.311220 seconds.
  path: Assets/Soldiers/riggedJoined.fbx
  artifactKey: Guid(189b144e3a0fd9c4f91391989a2e87bf) Importer(815301076,1909f56bfc062723c751e8b465ee728b)
Start importing Assets/Soldiers/riggedJoined.fbx using Guid(189b144e3a0fd9c4f91391989a2e87bf) Importer(815301076,1909f56bfc062723c751e8b465ee728b)  -> (artifact id: '86e316eab54c0f320951ac80a2da1139') in 0.271326 seconds 
  Import took 0.298045 seconds .

AssetImportWorkerClient::OnTransportError - code=2 error=End of file
