Using pre-set license
Built from '2020.3/staging' branch; Version is '2020.3.17f1 (a4537701e4ab) revision 10769271'; Using compiler version '192528614'; Build Type 'Release'
OS: 'Windows 10 Home; OS build 19042.1288; Version 2009; 64bit' Language: 'sv' Physical Memory: 16302 MB
BatchMode: 1, IsHumanControllingUs: 0, StartBugReporterOnCrash: 0, Is64bit: 1, IsPro: 0

COMMAND LINE ARGUMENTS:
C:\Program Files\Unity\Hub\Editor\2020.3.17f1\Editor\Unity.exe
-adb2
-batchMode
-noUpm
-name
AssetImportWorker0
-projectPath
D:/Untiy/Gym
-logFile
Logs/AssetImportWorker0.log
-srvPort
57440
Successfully changed project path to: D:/Untiy/Gym
D:/Untiy/Gym
Using Asset Import Pipeline V2.
Refreshing native plugins compatible for Editor in 29.87 ms, found 2 plugins.
Preloading 0 native plugins for Editor in 0.00 ms.
Initialize engine version: 2020.3.17f1 (a4537701e4ab)
[Subsystems] Discovering subsystems at path C:/Program Files/Unity/Hub/Editor/2020.3.17f1/Editor/Data/Resources/UnitySubsystems
[Subsystems] Discovering subsystems at path D:/Untiy/Gym/Assets
GfxDevice: creating device client; threaded=0
Direct3D:
    Version:  Direct3D 11.0 [level 11.1]
    Renderer: NVIDIA GeForce GTX 1060 6GB (ID=0x1c03)
    Vendor:   
    VRAM:     6052 MB
    Driver:   30.0.14.7212
Initialize mono
Mono path[0] = 'C:/Program Files/Unity/Hub/Editor/2020.3.17f1/Editor/Data/Managed'
Mono path[1] = 'C:/Program Files/Unity/Hub/Editor/2020.3.17f1/Editor/Data/MonoBleedingEdge/lib/mono/unityjit'
Mono config path = 'C:/Program Files/Unity/Hub/Editor/2020.3.17f1/Editor/Data/MonoBleedingEdge/etc'
Using monoOptions --debugger-agent=transport=dt_socket,embedding=1,server=y,suspend=n,address=127.0.0.1:56524
Begin MonoManager ReloadAssembly
Registering precompiled unity dll's ...
Register platform support module: C:/Program Files/Unity/Hub/Editor/2020.3.17f1/Editor/Data/PlaybackEngines/WebGLSupport/UnityEditor.WebGL.Extensions.dll
Register platform support module: C:/Program Files/Unity/Hub/Editor/2020.3.17f1/Editor/Data/PlaybackEngines/WindowsStandaloneSupport/UnityEditor.WindowsStandalone.Extensions.dll
Registered in 0.001647 seconds.
Native extension for WindowsStandalone target not found
Native extension for WebGL target not found
Refreshing native plugins compatible for Editor in 30.40 ms, found 2 plugins.
Preloading 0 native plugins for Editor in 0.00 ms.
Mono: successfully reloaded assembly
- Completed reload, in  0.814 seconds
Domain Reload Profiling:
	ReloadAssembly (814ms)
		BeginReloadAssembly (39ms)
			ExecutionOrderSort (0ms)
			DisableScriptedObjects (0ms)
			BackupInstance (0ms)
			ReleaseScriptingObjects (0ms)
			CreateAndSetChildDomain (1ms)
		EndReloadAssembly (316ms)
			LoadAssemblies (38ms)
			RebuildTransferFunctionScriptingTraits (0ms)
			SetupTypeCache (115ms)
			ReleaseScriptCaches (0ms)
			RebuildScriptCaches (23ms)
			SetupLoadedEditorAssemblies (126ms)
				LogAssemblyErrors (0ms)
				InitializePlatformSupportModulesInManaged (4ms)
				SetLoadedEditorAssemblies (0ms)
				RefreshPlugins (30ms)
				BeforeProcessingInitializeOnLoad (12ms)
				ProcessInitializeOnLoadAttributes (59ms)
				ProcessInitializeOnLoadMethodAttributes (21ms)
				AfterProcessingInitializeOnLoad (0ms)
				EditorAssembliesLoaded (0ms)
			ExecutionOrderSort2 (0ms)
			AwakeInstancesAfterBackupRestoration (0ms)
Platform modules already initialized, skipping
Registering precompiled user dll's ...
Registered in 0.001709 seconds.
Begin MonoManager ReloadAssembly
Native extension for WindowsStandalone target not found
Native extension for WebGL target not found
Refreshing native plugins compatible for Editor in 29.85 ms, found 2 plugins.
Preloading 0 native plugins for Editor in 0.00 ms.
Mono: successfully reloaded assembly
- Completed reload, in  0.887 seconds
Domain Reload Profiling:
	ReloadAssembly (887ms)
		BeginReloadAssembly (107ms)
			ExecutionOrderSort (0ms)
			DisableScriptedObjects (3ms)
			BackupInstance (0ms)
			ReleaseScriptingObjects (0ms)
			CreateAndSetChildDomain (14ms)
		EndReloadAssembly (734ms)
			LoadAssemblies (62ms)
			RebuildTransferFunctionScriptingTraits (0ms)
			SetupTypeCache (217ms)
			ReleaseScriptCaches (0ms)
			RebuildScriptCaches (33ms)
			SetupLoadedEditorAssemblies (329ms)
				LogAssemblyErrors (0ms)
				InitializePlatformSupportModulesInManaged (4ms)
				SetLoadedEditorAssemblies (0ms)
				RefreshPlugins (30ms)
				BeforeProcessingInitializeOnLoad (51ms)
				ProcessInitializeOnLoadAttributes (237ms)
				ProcessInitializeOnLoadMethodAttributes (3ms)
				AfterProcessingInitializeOnLoad (5ms)
				EditorAssembliesLoaded (0ms)
			ExecutionOrderSort2 (0ms)
			AwakeInstancesAfterBackupRestoration (5ms)
Platform modules already initialized, skipping
========================================================================
Worker process is ready to serve import requests
Launched and connected shader compiler UnityShaderCompiler.exe after 0.07 seconds
Refreshing native plugins compatible for Editor in 0.32 ms, found 2 plugins.
Preloading 0 native plugins for Editor in 0.00 ms.
Unloading 1793 Unused Serialized files (Serialized files now loaded: 0)
System memory in use before: 88.7 MB.
System memory in use after: 88.8 MB.

Unloading 20 unused Assets to reduce memory usage. Loaded Objects now: 2231.
Total: 2.212000 ms (FindLiveObjects: 0.139600 ms CreateObjectMapping: 0.057000 ms MarkObjects: 1.958600 ms  DeleteObjects: 0.056200 ms)

AssetImportParameters requested are different than current active one (requested -> active):
  custom:framework-win-MediaFoundation: 216162199b28c13a410421893ffa2e32 -> 
  custom:video-decoder-ogg-theora: a1e56fd34408186e4bbccfd4996cb3dc -> 
  custom:container-muxer-webm: aa71ff27fc2769a1b78a27578f13a17b -> 
  custom:container-demuxer-webm: 4f35f7cbe854078d1ac9338744f61a02 -> 
  custom:container-demuxer-ogg: 62fdf1f143b41e24485cea50d1cbac27 -> 
  custom:video-encoder-webm-vp8: eb34c28f22e8b96e1ab97ce403110664 -> 
  custom:video-decoder-webm-vp8: 9c59270c3fd7afecdb556c50c9e8de78 -> 
  custom:audio-decoder-ogg-vorbis: bf7c407c2cedff20999df2af8eb42d56 -> 
  custom:audio-encoder-webm-vorbis: bf7c407c2cedff20999df2af8eb42d56 -> 
========================================================================
Received Import Request.
  path: Assets/DialogueSystem/Dialogues/MultipleNodes/Global/Dialogues/Answer5.asset
  artifactKey: Guid(c08877f711cb0be4084afb52a58669c7) Importer(815301076,1909f56bfc062723c751e8b465ee728b)
Start importing Assets/DialogueSystem/Dialogues/MultipleNodes/Global/Dialogues/Answer5.asset using Guid(c08877f711cb0be4084afb52a58669c7) Importer(815301076,1909f56bfc062723c751e8b465ee728b)  -> (artifact id: '47559b8c13dc24c73b432c643836b9af') in 0.023461 seconds 
  Import took 0.025527 seconds .

========================================================================
Received Import Request.
  Time since last request: 0.000128 seconds.
  path: Assets/DialogueSystem/Dialogues/MultipleNodes/Global/Dialogues/Answer6.asset
  artifactKey: Guid(3d3e9e462fcbae14286f6d3d4cf4b176) Importer(815301076,1909f56bfc062723c751e8b465ee728b)
Start importing Assets/DialogueSystem/Dialogues/MultipleNodes/Global/Dialogues/Answer6.asset using Guid(3d3e9e462fcbae14286f6d3d4cf4b176) Importer(815301076,1909f56bfc062723c751e8b465ee728b)  -> (artifact id: 'c3d7578231bfcd66a04f219c4a9567b3') in 0.004923 seconds 
  Import took 0.006920 seconds .

========================================================================
Received Import Request.
  Time since last request: 0.000172 seconds.
  path: Assets/DialogueSystem/Dialogues/MultipleNodes/Global/Dialogues/Answer1.asset
  artifactKey: Guid(62d656bf170d72a499dfd2826f5abde1) Importer(815301076,1909f56bfc062723c751e8b465ee728b)
Start importing Assets/DialogueSystem/Dialogues/MultipleNodes/Global/Dialogues/Answer1.asset using Guid(62d656bf170d72a499dfd2826f5abde1) Importer(815301076,1909f56bfc062723c751e8b465ee728b)  -> (artifact id: '09e81ad2bd812703bd1c9e8289b16cfe') in 0.005273 seconds 
  Import took 0.022388 seconds .

========================================================================
Received Import Request.
  Time since last request: 0.000170 seconds.
  path: Assets/DialogueSystem/Dialogues/MultipleNodes/Global/Dialogues/Answer4.asset
  artifactKey: Guid(5e2ccb5b39873b940aebfc918556d4f2) Importer(815301076,1909f56bfc062723c751e8b465ee728b)
Start importing Assets/DialogueSystem/Dialogues/MultipleNodes/Global/Dialogues/Answer4.asset using Guid(5e2ccb5b39873b940aebfc918556d4f2) Importer(815301076,1909f56bfc062723c751e8b465ee728b)  -> (artifact id: 'aad82194d4db6bf6d5f2b5d9ae69df31') in 0.005965 seconds 
  Import took 0.008068 seconds .

========================================================================
Received Import Request.
  Time since last request: 0.000143 seconds.
  path: Assets/DialogueSystem/Dialogues/MultipleNodes/Global/Dialogues/Question.asset
  artifactKey: Guid(c72d2fc10a4a61b429fb8f34cd98aaa7) Importer(815301076,1909f56bfc062723c751e8b465ee728b)
Start importing Assets/DialogueSystem/Dialogues/MultipleNodes/Global/Dialogues/Question.asset using Guid(c72d2fc10a4a61b429fb8f34cd98aaa7) Importer(815301076,1909f56bfc062723c751e8b465ee728b)  -> (artifact id: '8d981170288e83aeaee63a266b5c4c0b') in 0.002485 seconds 
  Import took 0.015621 seconds .

========================================================================
Received Import Request.
  Time since last request: 0.000108 seconds.
  path: Assets/DialogueSystem/Dialogues/MultipleNodes/Global/Dialogues/Avslut.asset
  artifactKey: Guid(b7a23b3a98916c340a1b1309f7382a69) Importer(815301076,1909f56bfc062723c751e8b465ee728b)
Start importing Assets/DialogueSystem/Dialogues/MultipleNodes/Global/Dialogues/Avslut.asset using Guid(b7a23b3a98916c340a1b1309f7382a69) Importer(815301076,1909f56bfc062723c751e8b465ee728b)  -> (artifact id: '9f1bef4e29139a0a943dc62df570d414') in 0.004460 seconds 
  Import took 0.006403 seconds .

AssetImportWorkerClient::OnTransportError - code=2 error=End of file
