Using pre-set license
Built from '2020.3/staging' branch; Version is '2020.3.17f1 (a4537701e4ab) revision 10769271'; Using compiler version '192528614'; Build Type 'Release'
OS: 'Windows 10 Home; OS build 19042.1288; Version 2009; 64bit' Language: 'sv' Physical Memory: 16302 MB
BatchMode: 1, IsHumanControllingUs: 0, StartBugReporterOnCrash: 0, Is64bit: 1, IsPro: 0

COMMAND LINE ARGUMENTS:
C:\Program Files\Unity\Hub\Editor\2020.3.17f1\Editor\Unity.exe
-adb2
-batchMode
-noUpm
-name
AssetImportWorker0
-projectPath
D:/Untiy/Gymnasiearbete_current_version
-logFile
Logs/AssetImportWorker0.log
-srvPort
55879
Successfully changed project path to: D:/Untiy/Gymnasiearbete_current_version
D:/Untiy/Gymnasiearbete_current_version
Using Asset Import Pipeline V2.
Refreshing native plugins compatible for Editor in 31.26 ms, found 2 plugins.
Preloading 0 native plugins for Editor in 0.00 ms.
Initialize engine version: 2020.3.17f1 (a4537701e4ab)
[Subsystems] Discovering subsystems at path C:/Program Files/Unity/Hub/Editor/2020.3.17f1/Editor/Data/Resources/UnitySubsystems
[Subsystems] Discovering subsystems at path D:/Untiy/Gymnasiearbete_current_version/Assets
GfxDevice: creating device client; threaded=0
Direct3D:
    Version:  Direct3D 11.0 [level 11.1]
    Renderer: NVIDIA GeForce GTX 1060 6GB (ID=0x1c03)
    Vendor:   
    VRAM:     6052 MB
    Driver:   30.0.14.7212
Initialize mono
Mono path[0] = 'C:/Program Files/Unity/Hub/Editor/2020.3.17f1/Editor/Data/Managed'
Mono path[1] = 'C:/Program Files/Unity/Hub/Editor/2020.3.17f1/Editor/Data/MonoBleedingEdge/lib/mono/unityjit'
Mono config path = 'C:/Program Files/Unity/Hub/Editor/2020.3.17f1/Editor/Data/MonoBleedingEdge/etc'
Using monoOptions --debugger-agent=transport=dt_socket,embedding=1,server=y,suspend=n,address=127.0.0.1:56992
Begin MonoManager ReloadAssembly
Registering precompiled unity dll's ...
Register platform support module: C:/Program Files/Unity/Hub/Editor/2020.3.17f1/Editor/Data/PlaybackEngines/WebGLSupport/UnityEditor.WebGL.Extensions.dll
Register platform support module: C:/Program Files/Unity/Hub/Editor/2020.3.17f1/Editor/Data/PlaybackEngines/WindowsStandaloneSupport/UnityEditor.WindowsStandalone.Extensions.dll
Registered in 0.001779 seconds.
Native extension for WindowsStandalone target not found
Native extension for WebGL target not found
Refreshing native plugins compatible for Editor in 30.70 ms, found 2 plugins.
Preloading 0 native plugins for Editor in 0.00 ms.
Mono: successfully reloaded assembly
- Completed reload, in  0.848 seconds
Domain Reload Profiling:
	ReloadAssembly (849ms)
		BeginReloadAssembly (40ms)
			ExecutionOrderSort (0ms)
			DisableScriptedObjects (0ms)
			BackupInstance (0ms)
			ReleaseScriptingObjects (0ms)
			CreateAndSetChildDomain (1ms)
		EndReloadAssembly (321ms)
			LoadAssemblies (39ms)
			RebuildTransferFunctionScriptingTraits (0ms)
			SetupTypeCache (117ms)
			ReleaseScriptCaches (0ms)
			RebuildScriptCaches (23ms)
			SetupLoadedEditorAssemblies (129ms)
				LogAssemblyErrors (0ms)
				InitializePlatformSupportModulesInManaged (4ms)
				SetLoadedEditorAssemblies (0ms)
				RefreshPlugins (31ms)
				BeforeProcessingInitializeOnLoad (13ms)
				ProcessInitializeOnLoadAttributes (61ms)
				ProcessInitializeOnLoadMethodAttributes (21ms)
				AfterProcessingInitializeOnLoad (0ms)
				EditorAssembliesLoaded (0ms)
			ExecutionOrderSort2 (0ms)
			AwakeInstancesAfterBackupRestoration (0ms)
Platform modules already initialized, skipping
Registering precompiled user dll's ...
Registered in 0.001973 seconds.
Begin MonoManager ReloadAssembly
Native extension for WindowsStandalone target not found
Native extension for WebGL target not found
Refreshing native plugins compatible for Editor in 30.65 ms, found 2 plugins.
Preloading 0 native plugins for Editor in 0.00 ms.
Mono: successfully reloaded assembly
- Completed reload, in  0.964 seconds
Domain Reload Profiling:
	ReloadAssembly (965ms)
		BeginReloadAssembly (109ms)
			ExecutionOrderSort (0ms)
			DisableScriptedObjects (3ms)
			BackupInstance (0ms)
			ReleaseScriptingObjects (0ms)
			CreateAndSetChildDomain (13ms)
		EndReloadAssembly (809ms)
			LoadAssemblies (67ms)
			RebuildTransferFunctionScriptingTraits (0ms)
			SetupTypeCache (223ms)
			ReleaseScriptCaches (0ms)
			RebuildScriptCaches (33ms)
			SetupLoadedEditorAssemblies (394ms)
				LogAssemblyErrors (0ms)
				InitializePlatformSupportModulesInManaged (4ms)
				SetLoadedEditorAssemblies (0ms)
				RefreshPlugins (31ms)
				BeforeProcessingInitializeOnLoad (52ms)
				ProcessInitializeOnLoadAttributes (299ms)
				ProcessInitializeOnLoadMethodAttributes (3ms)
				AfterProcessingInitializeOnLoad (5ms)
				EditorAssembliesLoaded (0ms)
			ExecutionOrderSort2 (0ms)
			AwakeInstancesAfterBackupRestoration (5ms)
Platform modules already initialized, skipping
========================================================================
Worker process is ready to serve import requests
Launched and connected shader compiler UnityShaderCompiler.exe after 0.07 seconds
Refreshing native plugins compatible for Editor in 0.32 ms, found 2 plugins.
Preloading 0 native plugins for Editor in 0.00 ms.
Unloading 1793 Unused Serialized files (Serialized files now loaded: 0)
System memory in use before: 88.7 MB.
System memory in use after: 88.7 MB.

Unloading 20 unused Assets to reduce memory usage. Loaded Objects now: 2231.
Total: 2.176100 ms (FindLiveObjects: 0.122200 ms CreateObjectMapping: 0.048200 ms MarkObjects: 1.955400 ms  DeleteObjects: 0.049700 ms)

AssetImportParameters requested are different than current active one (requested -> active):
  custom:framework-win-MediaFoundation: 216162199b28c13a410421893ffa2e32 -> 
  custom:video-decoder-ogg-theora: a1e56fd34408186e4bbccfd4996cb3dc -> 
  custom:container-muxer-webm: aa71ff27fc2769a1b78a27578f13a17b -> 
  custom:container-demuxer-webm: 4f35f7cbe854078d1ac9338744f61a02 -> 
  custom:container-demuxer-ogg: 62fdf1f143b41e24485cea50d1cbac27 -> 
  custom:video-encoder-webm-vp8: eb34c28f22e8b96e1ab97ce403110664 -> 
  custom:video-decoder-webm-vp8: 9c59270c3fd7afecdb556c50c9e8de78 -> 
  custom:audio-decoder-ogg-vorbis: bf7c407c2cedff20999df2af8eb42d56 -> 
  custom:audio-encoder-webm-vorbis: bf7c407c2cedff20999df2af8eb42d56 -> 
========================================================================
Received Import Request.
  path: Assets/Trench/v3.2
  artifactKey: Guid(7b05c050c6896464f9e59518d51423e3) Importer(815301076,1909f56bfc062723c751e8b465ee728b)
Start importing Assets/Trench/v3.2 using Guid(7b05c050c6896464f9e59518d51423e3) Importer(815301076,1909f56bfc062723c751e8b465ee728b)  -> (artifact id: '0ce10fbf780f177a2389485957bcdcd0') in 0.007519 seconds 
  Import took 0.043516 seconds .

========================================================================
Received Import Request.
  Time since last request: 13.971620 seconds.
  path: Assets/Trench/v3.2/TrenchV3.2.fbx
  artifactKey: Guid(4f729a57bc5df8a4a822a08511d9b1a0) Importer(815301076,1909f56bfc062723c751e8b465ee728b)
Start importing Assets/Trench/v3.2/TrenchV3.2.fbx using Guid(4f729a57bc5df8a4a822a08511d9b1a0) Importer(815301076,1909f56bfc062723c751e8b465ee728b)  -> (artifact id: '30111725da24090a0ab77b2068318437') in 1.016045 seconds 
  Import took 1.038603 seconds .

========================================================================
Received Import Request.
  Time since last request: 10.448208 seconds.
  path: Assets/Trench/v3.2/Materials
  artifactKey: Guid(1372a0f661c489c48bc0021f9831531f) Importer(815301076,1909f56bfc062723c751e8b465ee728b)
Start importing Assets/Trench/v3.2/Materials using Guid(1372a0f661c489c48bc0021f9831531f) Importer(815301076,1909f56bfc062723c751e8b465ee728b)  -> (artifact id: '20b5bc0f3fbce80c867ff5db641fdaec') in 0.005468 seconds 
  Import took 0.016134 seconds .

========================================================================
Received Import Request.
  Time since last request: 21.106604 seconds.
  path: Assets/Trench/v3.2/TrenchV3.2.fbx
  artifactKey: Guid(4f729a57bc5df8a4a822a08511d9b1a0) Importer(815301076,1909f56bfc062723c751e8b465ee728b)
Start importing Assets/Trench/v3.2/TrenchV3.2.fbx using Guid(4f729a57bc5df8a4a822a08511d9b1a0) Importer(815301076,1909f56bfc062723c751e8b465ee728b)  -> (artifact id: 'e20ff1c8e893479134ae8bb03ea7ae9f') in 0.700573 seconds 
  Import took 0.729671 seconds .

========================================================================
Received Import Request.
  Time since last request: 15.192686 seconds.
  path: Assets/Trench/v3.2/TrenchV3.2.fbx
  artifactKey: Guid(4f729a57bc5df8a4a822a08511d9b1a0) Importer(815301076,1909f56bfc062723c751e8b465ee728b)
Start importing Assets/Trench/v3.2/TrenchV3.2.fbx using Guid(4f729a57bc5df8a4a822a08511d9b1a0) Importer(815301076,1909f56bfc062723c751e8b465ee728b)  -> (artifact id: 'b8e1f456e02e82d000d3a54025b2091b') in 0.510225 seconds 
  Import took 0.518053 seconds .

========================================================================
Received Import Request.
  Time since last request: 77.215944 seconds.
  path: Assets/Trench/v3.2/Materials/Ground_1_2K_Albedo.png
  artifactKey: Guid(8fa0270c1bb397247807d81fac008e90) Importer(815301076,1909f56bfc062723c751e8b465ee728b)
Start importing Assets/Trench/v3.2/Materials/Ground_1_2K_Albedo.png using Guid(8fa0270c1bb397247807d81fac008e90) Importer(815301076,1909f56bfc062723c751e8b465ee728b)  -> (artifact id: 'da8ca0224134e59543d6a703e4c334a4') in 0.015992 seconds 
  Import took 0.033130 seconds .

========================================================================
Received Import Request.
  Time since last request: 0.000159 seconds.
  path: Assets/Trench/v3.2/Materials/Ground_1_2K_Normal.png
  artifactKey: Guid(26248c09aae3f1f49802bfe1c1843ccb) Importer(815301076,1909f56bfc062723c751e8b465ee728b)
Start importing Assets/Trench/v3.2/Materials/Ground_1_2K_Normal.png using Guid(26248c09aae3f1f49802bfe1c1843ccb) Importer(815301076,1909f56bfc062723c751e8b465ee728b)  -> (artifact id: 'c0ee7704411ced6bfce73d1a7fe6451d') in 0.011296 seconds 
  Import took 0.026616 seconds .

========================================================================
Received Import Request.
  Time since last request: 0.000164 seconds.
  path: Assets/Trench/v3.2/Materials/Ground_1_2K_Albedo.png
  artifactKey: Guid(8fa0270c1bb397247807d81fac008e90) Importer(815301076,1909f56bfc062723c751e8b465ee728b)
Start importing Assets/Trench/v3.2/Materials/Ground_1_2K_Albedo.png using Guid(8fa0270c1bb397247807d81fac008e90) Importer(815301076,1909f56bfc062723c751e8b465ee728b)  -> (artifact id: 'da8ca0224134e59543d6a703e4c334a4') in 0.008360 seconds 
  Import took 0.044560 seconds .

========================================================================
Received Import Request.
  Time since last request: 0.000145 seconds.
  path: Assets/Trench/v3.2/Materials/Ground_1_2K_Normal.png
  artifactKey: Guid(26248c09aae3f1f49802bfe1c1843ccb) Importer(815301076,1909f56bfc062723c751e8b465ee728b)
Start importing Assets/Trench/v3.2/Materials/Ground_1_2K_Normal.png using Guid(26248c09aae3f1f49802bfe1c1843ccb) Importer(815301076,1909f56bfc062723c751e8b465ee728b)  -> (artifact id: 'c0ee7704411ced6bfce73d1a7fe6451d') in 0.009297 seconds 
  Import took 0.011359 seconds .

========================================================================
Received Import Request.
  Time since last request: 71.010551 seconds.
  path: Assets/Trench/v3.2/TrenchV3.2.fbx
  artifactKey: Guid(4f729a57bc5df8a4a822a08511d9b1a0) Importer(815301076,1909f56bfc062723c751e8b465ee728b)
Start importing Assets/Trench/v3.2/TrenchV3.2.fbx using Guid(4f729a57bc5df8a4a822a08511d9b1a0) Importer(815301076,1909f56bfc062723c751e8b465ee728b)  -> (artifact id: 'c2e7663887cc6e82b443d2641a978120') in 0.481493 seconds 
  Import took 0.505252 seconds .

========================================================================
Received Import Request.
  Time since last request: 316.319895 seconds.
  path: Assets/Second Controller/Dialogue/Anmimations/DialogueBox.controller
  artifactKey: Guid(3eb3bdb51076bf44fa2394122cad7f63) Importer(815301076,1909f56bfc062723c751e8b465ee728b)
Start importing Assets/Second Controller/Dialogue/Anmimations/DialogueBox.controller using Guid(3eb3bdb51076bf44fa2394122cad7f63) Importer(815301076,1909f56bfc062723c751e8b465ee728b)  -> (artifact id: 'ba9d249f6db21ac7d22bfbf80d024ffb') in 0.011333 seconds 
  Import took 0.024327 seconds .

========================================================================
Received Import Request.
  Time since last request: 9.085921 seconds.
  path: Assets/Second Controller/Dialogue/Anmimations/DefaultState.anim
  artifactKey: Guid(0fbd317741164414f98e2d857ecbb22a) Importer(815301076,1909f56bfc062723c751e8b465ee728b)
Start importing Assets/Second Controller/Dialogue/Anmimations/DefaultState.anim using Guid(0fbd317741164414f98e2d857ecbb22a) Importer(815301076,1909f56bfc062723c751e8b465ee728b)  -> (artifact id: '5e9b37bd934f40207876b312c708ec77') in 0.005535 seconds 
  Import took 0.019648 seconds .

========================================================================
Received Prepare
Registering precompiled user dll's ...
Registered in 0.001975 seconds.
Begin MonoManager ReloadAssembly
Native extension for WindowsStandalone target not found
Native extension for WebGL target not found
Refreshing native plugins compatible for Editor in 0.34 ms, found 2 plugins.
Preloading 0 native plugins for Editor in 0.00 ms.
Mono: successfully reloaded assembly
- Completed reload, in  0.804 seconds
Domain Reload Profiling:
	ReloadAssembly (804ms)
		BeginReloadAssembly (86ms)
			ExecutionOrderSort (0ms)
			DisableScriptedObjects (3ms)
			BackupInstance (0ms)
			ReleaseScriptingObjects (0ms)
			CreateAndSetChildDomain (25ms)
		EndReloadAssembly (670ms)
			LoadAssemblies (64ms)
			RebuildTransferFunctionScriptingTraits (0ms)
			SetupTypeCache (207ms)
			ReleaseScriptCaches (1ms)
			RebuildScriptCaches (28ms)
			SetupLoadedEditorAssemblies (294ms)
				LogAssemblyErrors (0ms)
				InitializePlatformSupportModulesInManaged (4ms)
				SetLoadedEditorAssemblies (0ms)
				RefreshPlugins (0ms)
				BeforeProcessingInitializeOnLoad (53ms)
				ProcessInitializeOnLoadAttributes (228ms)
				ProcessInitializeOnLoadMethodAttributes (3ms)
				AfterProcessingInitializeOnLoad (5ms)
				EditorAssembliesLoaded (0ms)
			ExecutionOrderSort2 (0ms)
			AwakeInstancesAfterBackupRestoration (5ms)
Platform modules already initialized, skipping
Refreshing native plugins compatible for Editor in 0.34 ms, found 2 plugins.
Preloading 0 native plugins for Editor in 0.00 ms.
Unloading 1768 Unused Serialized files (Serialized files now loaded: 0)
System memory in use before: 90.8 MB.
System memory in use after: 90.9 MB.

Unloading 14 unused Assets to reduce memory usage. Loaded Objects now: 2279.
Total: 2.139300 ms (FindLiveObjects: 0.133600 ms CreateObjectMapping: 0.048900 ms MarkObjects: 1.940400 ms  DeleteObjects: 0.015600 ms)

AssetImportParameters requested are different than current active one (requested -> active):
  custom:framework-win-MediaFoundation: 216162199b28c13a410421893ffa2e32 -> 
  custom:video-decoder-ogg-theora: a1e56fd34408186e4bbccfd4996cb3dc -> 
  custom:container-muxer-webm: aa71ff27fc2769a1b78a27578f13a17b -> 
  custom:container-demuxer-webm: 4f35f7cbe854078d1ac9338744f61a02 -> 
  custom:container-demuxer-ogg: 62fdf1f143b41e24485cea50d1cbac27 -> 
  custom:video-encoder-webm-vp8: eb34c28f22e8b96e1ab97ce403110664 -> 
  custom:video-decoder-webm-vp8: 9c59270c3fd7afecdb556c50c9e8de78 -> 
  custom:audio-decoder-ogg-vorbis: bf7c407c2cedff20999df2af8eb42d56 -> 
  custom:audio-encoder-webm-vorbis: bf7c407c2cedff20999df2af8eb42d56 -> 
AssetImportWorkerClient::OnTransportError - code=2 error=End of file
